{"C:\\Work\\cortside\\shoppingcart-web\\src\\api\\catalogApi.ts": {"path":"C:\\Work\\cortside\\shoppingcart-web\\src\\api\\catalogApi.ts","statementMap":{"0":{"start":{"line":24,"column":8},"end":{"line":24,"column":null}},"1":{"start":{"line":25,"column":2},"end":{"line":25,"column":null}},"2":{"start":{"line":33,"column":18},"end":{"line":33,"column":null}},"3":{"start":{"line":34,"column":14},"end":{"line":34,"column":null}},"4":{"start":{"line":36,"column":2},"end":{"line":43,"column":null}},"5":{"start":{"line":51,"column":18},"end":{"line":51,"column":null}},"6":{"start":{"line":52,"column":14},"end":{"line":52,"column":null}},"7":{"start":{"line":54,"column":2},"end":{"line":54,"column":null}}},"fnMap":{"0":{"name":"getCatalogApiUrl","decl":{"start":{"line":23,"column":9},"end":{"line":23,"column":36}},"loc":{"start":{"line":23,"column":36},"end":{"line":26,"column":null}},"line":23},"1":{"name":"listItems","decl":{"start":{"line":32,"column":22},"end":{"line":32,"column":32}},"loc":{"start":{"line":32,"column":97},"end":{"line":44,"column":null}},"line":32},"2":{"name":"getItemBySku","decl":{"start":{"line":50,"column":22},"end":{"line":50,"column":35}},"loc":{"start":{"line":50,"column":70},"end":{"line":55,"column":null}},"line":50}},"branchMap":{"0":{"loc":{"start":{"line":32,"column":32},"end":{"line":32,"column":97}},"type":"default-arg","locations":[{"start":{"line":32,"column":58},"end":{"line":32,"column":97}}],"line":32}},"s":{"0":9,"1":9,"2":7,"3":7,"4":7,"5":2,"6":2,"7":2},"f":{"0":9,"1":7,"2":2},"b":{"0":[7]},"meta":{"lastBranch":1,"lastFunction":3,"lastStatement":8,"seen":{"f:23:9:23:36":0,"s:24:8:24:Infinity":0,"s:25:2:25:Infinity":1,"f:32:22:32:32":1,"b:32:58:32:97":0,"s:33:18:33:Infinity":2,"s:34:14:34:Infinity":3,"s:36:2:43:Infinity":4,"f:50:22:50:35":2,"s:51:18:51:Infinity":5,"s:52:14:52:Infinity":6,"s:54:2:54:Infinity":7}}}
,"C:\\Work\\cortside\\shoppingcart-web\\src\\auth\\RequireAuth.tsx": {"path":"C:\\Work\\cortside\\shoppingcart-web\\src\\auth\\RequireAuth.tsx","statementMap":{"0":{"start":{"line":23,"column":26},"end":{"line":23,"column":null}},"1":{"start":{"line":24,"column":8},"end":{"line":24,"column":null}},"2":{"start":{"line":26,"column":2},"end":{"line":29,"column":null}},"3":{"start":{"line":28,"column":4},"end":{"line":28,"column":null}},"4":{"start":{"line":31,"column":2},"end":{"line":31,"column":null}}},"fnMap":{"0":{"name":"RequireAuth","decl":{"start":{"line":22,"column":16},"end":{"line":22,"column":28}},"loc":{"start":{"line":22,"column":79},"end":{"line":32,"column":null}},"line":22}},"branchMap":{"0":{"loc":{"start":{"line":26,"column":2},"end":{"line":29,"column":null}},"type":"if","locations":[{"start":{"line":26,"column":2},"end":{"line":29,"column":null}},{"start":{},"end":{}}],"line":26}},"s":{"0":4,"1":4,"2":4,"3":2,"4":2},"f":{"0":4},"b":{"0":[2,2]},"meta":{"lastBranch":1,"lastFunction":1,"lastStatement":5,"seen":{"f:22:16:22:28":0,"s:23:26:23:Infinity":0,"s:24:8:24:Infinity":1,"b:26:2:29:Infinity:undefined:undefined:undefined:undefined":0,"s:26:2:29:Infinity":2,"s:28:4:28:Infinity":3,"s:31:2:31:Infinity":4}}}
,"C:\\Work\\cortside\\shoppingcart-web\\src\\auth\\oidcClient.ts": {"path":"C:\\Work\\cortside\\shoppingcart-web\\src\\auth\\oidcClient.ts","statementMap":{"0":{"start":{"line":14,"column":23},"end":{"line":14,"column":null}},"1":{"start":{"line":21,"column":8},"end":{"line":21,"column":null}},"2":{"start":{"line":22,"column":41},"end":{"line":22,"column":null}},"3":{"start":{"line":25,"column":2},"end":{"line":27,"column":null}},"4":{"start":{"line":26,"column":4},"end":{"line":26,"column":null}},"5":{"start":{"line":30,"column":22},"end":{"line":30,"column":null}},"6":{"start":{"line":33,"column":17},"end":{"line":40,"column":null}},"7":{"start":{"line":43,"column":18},"end":{"line":43,"column":null}},"8":{"start":{"line":44,"column":2},"end":{"line":44,"column":null}},"9":{"start":{"line":55,"column":15},"end":{"line":55,"column":null}},"10":{"start":{"line":56,"column":17},"end":{"line":56,"column":null}},"11":{"start":{"line":58,"column":22},"end":{"line":58,"column":null}},"12":{"start":{"line":59,"column":18},"end":{"line":59,"column":null}},"13":{"start":{"line":61,"column":2},"end":{"line":63,"column":null}},"14":{"start":{"line":62,"column":4},"end":{"line":62,"column":null}},"15":{"start":{"line":66,"column":15},"end":{"line":66,"column":null}},"16":{"start":{"line":68,"column":2},"end":{"line":68,"column":null}},"17":{"start":{"line":76,"column":20},"end":{"line":76,"column":null}},"18":{"start":{"line":77,"column":2},"end":{"line":77,"column":null}},"19":{"start":{"line":78,"column":2},"end":{"line":78,"column":null}},"20":{"start":{"line":87,"column":8},"end":{"line":87,"column":null}},"21":{"start":{"line":88,"column":24},"end":{"line":88,"column":null}},"22":{"start":{"line":91,"column":2},"end":{"line":91,"column":null}},"23":{"start":{"line":94,"column":32},"end":{"line":94,"column":null}},"24":{"start":{"line":97,"column":17},"end":{"line":99,"column":null}},"25":{"start":{"line":102,"column":2},"end":{"line":104,"column":null}},"26":{"start":{"line":103,"column":4},"end":{"line":103,"column":null}},"27":{"start":{"line":107,"column":20},"end":{"line":107,"column":null}},"28":{"start":{"line":109,"column":2},"end":{"line":113,"column":null}},"29":{"start":{"line":110,"column":4},"end":{"line":110,"column":null}},"30":{"start":{"line":111,"column":4},"end":{"line":111,"column":null}},"31":{"start":{"line":112,"column":4},"end":{"line":112,"column":null}},"32":{"start":{"line":115,"column":2},"end":{"line":115,"column":null}},"33":{"start":{"line":124,"column":2},"end":{"line":147,"column":null}},"34":{"start":{"line":126,"column":18},"end":{"line":126,"column":null}},"35":{"start":{"line":127,"column":4},"end":{"line":129,"column":null}},"36":{"start":{"line":128,"column":6},"end":{"line":128,"column":null}},"37":{"start":{"line":132,"column":20},"end":{"line":132,"column":null}},"38":{"start":{"line":133,"column":20},"end":{"line":133,"column":null}},"39":{"start":{"line":134,"column":19},"end":{"line":134,"column":null}},"40":{"start":{"line":137,"column":4},"end":{"line":141,"column":null}},"41":{"start":{"line":143,"column":4},"end":{"line":145,"column":null}},"42":{"start":{"line":144,"column":6},"end":{"line":144,"column":null}},"43":{"start":{"line":146,"column":4},"end":{"line":146,"column":null}},"44":{"start":{"line":157,"column":15},"end":{"line":157,"column":null}},"45":{"start":{"line":160,"column":2},"end":{"line":162,"column":null}},"46":{"start":{"line":161,"column":4},"end":{"line":161,"column":null}},"47":{"start":{"line":165,"column":2},"end":{"line":169,"column":null}},"48":{"start":{"line":166,"column":4},"end":{"line":166,"column":null}},"49":{"start":{"line":168,"column":4},"end":{"line":168,"column":null}},"50":{"start":{"line":176,"column":2},"end":{"line":176,"column":null}},"51":{"start":{"line":183,"column":2},"end":{"line":183,"column":null}},"52":{"start":{"line":190,"column":16},"end":{"line":190,"column":null}},"53":{"start":{"line":191,"column":2},"end":{"line":191,"column":null}},"54":{"start":{"line":192,"column":2},"end":{"line":192,"column":null}},"55":{"start":{"line":192,"column":37},"end":{"line":192,"column":71}},"56":{"start":{"line":201,"column":2},"end":{"line":221,"column":null}},"57":{"start":{"line":202,"column":18},"end":{"line":202,"column":null}},"58":{"start":{"line":203,"column":4},"end":{"line":205,"column":null}},"59":{"start":{"line":204,"column":6},"end":{"line":204,"column":null}},"60":{"start":{"line":207,"column":20},"end":{"line":207,"column":null}},"61":{"start":{"line":208,"column":20},"end":{"line":208,"column":null}},"62":{"start":{"line":209,"column":19},"end":{"line":209,"column":null}},"63":{"start":{"line":211,"column":4},"end":{"line":213,"column":null}},"64":{"start":{"line":212,"column":6},"end":{"line":212,"column":null}},"65":{"start":{"line":215,"column":16},"end":{"line":215,"column":null}},"66":{"start":{"line":216,"column":22},"end":{"line":216,"column":null}},"67":{"start":{"line":218,"column":4},"end":{"line":218,"column":null}},"68":{"start":{"line":220,"column":4},"end":{"line":220,"column":null}},"69":{"start":{"line":230,"column":8},"end":{"line":230,"column":null}},"70":{"start":{"line":231,"column":41},"end":{"line":231,"column":null}},"71":{"start":{"line":233,"column":2},"end":{"line":321,"column":null}},"72":{"start":{"line":235,"column":19},"end":{"line":235,"column":null}},"73":{"start":{"line":236,"column":4},"end":{"line":236,"column":null}},"74":{"start":{"line":237,"column":4},"end":{"line":237,"column":null}},"75":{"start":{"line":238,"column":4},"end":{"line":238,"column":null}},"76":{"start":{"line":239,"column":4},"end":{"line":239,"column":null}},"77":{"start":{"line":242,"column":24},"end":{"line":242,"column":null}},"78":{"start":{"line":245,"column":19},"end":{"line":253,"column":null}},"79":{"start":{"line":255,"column":20},"end":{"line":255,"column":null}},"80":{"start":{"line":258,"column":20},"end":{"line":264,"column":null}},"81":{"start":{"line":259,"column":6},"end":{"line":259,"column":null}},"82":{"start":{"line":260,"column":6},"end":{"line":262,"column":null}},"83":{"start":{"line":261,"column":8},"end":{"line":261,"column":null}},"84":{"start":{"line":263,"column":6},"end":{"line":263,"column":null}},"85":{"start":{"line":267,"column":27},"end":{"line":277,"column":null}},"86":{"start":{"line":269,"column":6},"end":{"line":271,"column":null}},"87":{"start":{"line":270,"column":8},"end":{"line":270,"column":null}},"88":{"start":{"line":274,"column":6},"end":{"line":276,"column":null}},"89":{"start":{"line":275,"column":8},"end":{"line":275,"column":null}},"90":{"start":{"line":280,"column":34},"end":{"line":300,"column":null}},"91":{"start":{"line":281,"column":6},"end":{"line":281,"column":null}},"92":{"start":{"line":283,"column":6},"end":{"line":299,"column":null}},"93":{"start":{"line":284,"column":41},"end":{"line":284,"column":null}},"94":{"start":{"line":285,"column":8},"end":{"line":293,"column":null}},"95":{"start":{"line":286,"column":23},"end":{"line":286,"column":null}},"96":{"start":{"line":287,"column":10},"end":{"line":287,"column":null}},"97":{"start":{"line":289,"column":10},"end":{"line":291,"column":null}},"98":{"start":{"line":290,"column":12},"end":{"line":290,"column":null}},"99":{"start":{"line":292,"column":10},"end":{"line":292,"column":null}},"100":{"start":{"line":295,"column":8},"end":{"line":297,"column":null}},"101":{"start":{"line":296,"column":10},"end":{"line":296,"column":null}},"102":{"start":{"line":298,"column":8},"end":{"line":298,"column":null}},"103":{"start":{"line":303,"column":20},"end":{"line":309,"column":null}},"104":{"start":{"line":304,"column":6},"end":{"line":304,"column":null}},"105":{"start":{"line":305,"column":6},"end":{"line":305,"column":null}},"106":{"start":{"line":306,"column":6},"end":{"line":308,"column":null}},"107":{"start":{"line":307,"column":8},"end":{"line":307,"column":null}},"108":{"start":{"line":312,"column":4},"end":{"line":312,"column":null}},"109":{"start":{"line":315,"column":4},"end":{"line":315,"column":null}},"110":{"start":{"line":316,"column":4},"end":{"line":316,"column":null}},"111":{"start":{"line":318,"column":4},"end":{"line":320,"column":null}},"112":{"start":{"line":319,"column":6},"end":{"line":319,"column":null}}},"fnMap":{"0":{"name":"initiateLogin","decl":{"start":{"line":20,"column":16},"end":{"line":20,"column":30}},"loc":{"start":{"line":20,"column":56},"end":{"line":45,"column":null}},"line":20},"1":{"name":"handleCallback","decl":{"start":{"line":53,"column":16},"end":{"line":53,"column":91}},"loc":{"start":{"line":53,"column":91},"end":{"line":69,"column":null}},"line":53},"2":{"name":"getReturnUrl","decl":{"start":{"line":75,"column":16},"end":{"line":75,"column":39}},"loc":{"start":{"line":75,"column":39},"end":{"line":79,"column":null}},"line":75},"3":{"name":"initiateLogout","decl":{"start":{"line":86,"column":16},"end":{"line":86,"column":31}},"loc":{"start":{"line":86,"column":61},"end":{"line":116,"column":null}},"line":86},"4":{"name":"decodeIdToken","decl":{"start":{"line":123,"column":9},"end":{"line":123,"column":23}},"loc":{"start":{"line":123,"column":50},"end":{"line":148,"column":null}},"line":123},"5":{"name":"base64UrlDecode","decl":{"start":{"line":155,"column":9},"end":{"line":155,"column":25}},"loc":{"start":{"line":155,"column":46},"end":{"line":170,"column":null}},"line":155},"6":{"name":"generateNonce","decl":{"start":{"line":175,"column":9},"end":{"line":175,"column":33}},"loc":{"start":{"line":175,"column":33},"end":{"line":177,"column":null}},"line":175},"7":{"name":"generateState","decl":{"start":{"line":182,"column":9},"end":{"line":182,"column":33}},"loc":{"start":{"line":182,"column":33},"end":{"line":184,"column":null}},"line":182},"8":{"name":"generateRandomString","decl":{"start":{"line":189,"column":9},"end":{"line":189,"column":30}},"loc":{"start":{"line":189,"column":54},"end":{"line":193,"column":null}},"line":189},"9":{"name":"(anonymous_9)","decl":{"start":{"line":192,"column":27},"end":{"line":192,"column":28}},"loc":{"start":{"line":192,"column":37},"end":{"line":192,"column":71}},"line":192},"10":{"name":"getTokenExpiresIn","decl":{"start":{"line":200,"column":16},"end":{"line":200,"column":34}},"loc":{"start":{"line":200,"column":64},"end":{"line":222,"column":null}},"line":200},"11":{"name":"silentRenew","decl":{"start":{"line":229,"column":22},"end":{"line":229,"column":110}},"loc":{"start":{"line":229,"column":110},"end":{"line":322,"column":null}},"line":229},"12":{"name":"(anonymous_12)","decl":{"start":{"line":233,"column":21},"end":{"line":233,"column":22}},"loc":{"start":{"line":233,"column":34},"end":{"line":321,"column":3}},"line":233},"13":{"name":"(anonymous_13)","decl":{"start":{"line":258,"column":31},"end":{"line":258,"column":37}},"loc":{"start":{"line":258,"column":37},"end":{"line":264,"column":7}},"line":258},"14":{"name":"(anonymous_14)","decl":{"start":{"line":267,"column":27},"end":{"line":267,"column":28}},"loc":{"start":{"line":267,"column":52},"end":{"line":277,"column":null}},"line":267},"15":{"name":"(anonymous_15)","decl":{"start":{"line":280,"column":34},"end":{"line":280,"column":35}},"loc":{"start":{"line":280,"column":134},"end":{"line":300,"column":null}},"line":280},"16":{"name":"(anonymous_16)","decl":{"start":{"line":303,"column":20},"end":{"line":303,"column":26}},"loc":{"start":{"line":303,"column":26},"end":{"line":309,"column":null}},"line":303}},"branchMap":{"0":{"loc":{"start":{"line":25,"column":2},"end":{"line":27,"column":null}},"type":"if","locations":[{"start":{"line":25,"column":2},"end":{"line":27,"column":null}},{"start":{},"end":{}}],"line":25},"1":{"loc":{"start":{"line":61,"column":2},"end":{"line":63,"column":null}},"type":"if","locations":[{"start":{"line":61,"column":2},"end":{"line":63,"column":null}},{"start":{},"end":{}}],"line":61},"2":{"loc":{"start":{"line":61,"column":6},"end":{"line":61,"column":32}},"type":"binary-expr","locations":[{"start":{"line":61,"column":6},"end":{"line":61,"column":22}},{"start":{"line":61,"column":22},"end":{"line":61,"column":32}}],"line":61},"3":{"loc":{"start":{"line":76,"column":20},"end":{"line":76,"column":null}},"type":"binary-expr","locations":[{"start":{"line":76,"column":20},"end":{"line":76,"column":62}},{"start":{"line":76,"column":62},"end":{"line":76,"column":null}}],"line":76},"4":{"loc":{"start":{"line":102,"column":2},"end":{"line":104,"column":null}},"type":"if","locations":[{"start":{"line":102,"column":2},"end":{"line":104,"column":null}},{"start":{},"end":{}}],"line":102},"5":{"loc":{"start":{"line":109,"column":2},"end":{"line":113,"column":null}},"type":"if","locations":[{"start":{"line":109,"column":2},"end":{"line":113,"column":null}},{"start":{},"end":{}}],"line":109},"6":{"loc":{"start":{"line":112,"column":34},"end":{"line":112,"column":65}},"type":"cond-expr","locations":[{"start":{"line":112,"column":44},"end":{"line":112,"column":56}},{"start":{"line":112,"column":56},"end":{"line":112,"column":65}}],"line":112},"7":{"loc":{"start":{"line":127,"column":4},"end":{"line":129,"column":null}},"type":"if","locations":[{"start":{"line":127,"column":4},"end":{"line":129,"column":null}},{"start":{},"end":{}}],"line":127},"8":{"loc":{"start":{"line":138,"column":11},"end":{"line":138,"column":null}},"type":"binary-expr","locations":[{"start":{"line":138,"column":11},"end":{"line":138,"column":25}},{"start":{"line":138,"column":25},"end":{"line":138,"column":null}}],"line":138},"9":{"loc":{"start":{"line":139,"column":12},"end":{"line":139,"column":null}},"type":"binary-expr","locations":[{"start":{"line":139,"column":12},"end":{"line":139,"column":27}},{"start":{"line":139,"column":27},"end":{"line":139,"column":56}},{"start":{"line":139,"column":56},"end":{"line":139,"column":null}}],"line":139},"10":{"loc":{"start":{"line":143,"column":4},"end":{"line":145,"column":null}},"type":"if","locations":[{"start":{"line":143,"column":4},"end":{"line":145,"column":null}},{"start":{},"end":{}}],"line":143},"11":{"loc":{"start":{"line":146,"column":10},"end":{"line":146,"column":null}},"type":"cond-expr","locations":[{"start":{"line":146,"column":35},"end":{"line":146,"column":43}},{"start":{"line":146,"column":43},"end":{"line":146,"column":null}}],"line":146},"12":{"loc":{"start":{"line":203,"column":4},"end":{"line":205,"column":null}},"type":"if","locations":[{"start":{"line":203,"column":4},"end":{"line":205,"column":null}},{"start":{},"end":{}}],"line":203},"13":{"loc":{"start":{"line":211,"column":4},"end":{"line":213,"column":null}},"type":"if","locations":[{"start":{"line":211,"column":4},"end":{"line":213,"column":null}},{"start":{},"end":{}}],"line":211},"14":{"loc":{"start":{"line":260,"column":6},"end":{"line":262,"column":null}},"type":"if","locations":[{"start":{"line":260,"column":6},"end":{"line":262,"column":null}},{"start":{},"end":{}}],"line":260},"15":{"loc":{"start":{"line":269,"column":6},"end":{"line":271,"column":null}},"type":"if","locations":[{"start":{"line":269,"column":6},"end":{"line":271,"column":null}},{"start":{},"end":{}}],"line":269},"16":{"loc":{"start":{"line":274,"column":6},"end":{"line":276,"column":null}},"type":"if","locations":[{"start":{"line":274,"column":6},"end":{"line":276,"column":null}},{"start":{},"end":{}}],"line":274},"17":{"loc":{"start":{"line":283,"column":6},"end":{"line":299,"column":null}},"type":"if","locations":[{"start":{"line":283,"column":6},"end":{"line":299,"column":null}},{"start":{"line":294,"column":13},"end":{"line":299,"column":null}}],"line":283},"18":{"loc":{"start":{"line":283,"column":10},"end":{"line":283,"column":39}},"type":"binary-expr","locations":[{"start":{"line":283,"column":10},"end":{"line":283,"column":26}},{"start":{"line":283,"column":26},"end":{"line":283,"column":39}}],"line":283},"19":{"loc":{"start":{"line":289,"column":10},"end":{"line":291,"column":null}},"type":"if","locations":[{"start":{"line":289,"column":10},"end":{"line":291,"column":null}},{"start":{},"end":{}}],"line":289},"20":{"loc":{"start":{"line":295,"column":8},"end":{"line":297,"column":null}},"type":"if","locations":[{"start":{"line":295,"column":8},"end":{"line":297,"column":null}},{"start":{},"end":{}}],"line":295},"21":{"loc":{"start":{"line":306,"column":6},"end":{"line":308,"column":null}},"type":"if","locations":[{"start":{"line":306,"column":6},"end":{"line":308,"column":null}},{"start":{},"end":{}}],"line":306},"22":{"loc":{"start":{"line":318,"column":4},"end":{"line":320,"column":null}},"type":"if","locations":[{"start":{"line":318,"column":4},"end":{"line":320,"column":null}},{"start":{},"end":{}}],"line":318}},"s":{"0":1,"1":4,"2":4,"3":4,"4":3,"5":4,"6":4,"7":4,"8":4,"9":5,"10":5,"11":5,"12":5,"13":5,"14":2,"15":3,"16":3,"17":2,"18":2,"19":2,"20":3,"21":3,"22":3,"23":3,"24":3,"25":3,"26":2,"27":3,"28":3,"29":3,"30":3,"31":3,"32":3,"33":3,"34":3,"35":3,"36":0,"37":3,"38":3,"39":3,"40":3,"41":0,"42":0,"43":0,"44":3,"45":3,"46":3,"47":3,"48":3,"49":0,"50":4,"51":4,"52":8,"53":8,"54":8,"55":256,"56":0,"57":0,"58":0,"59":0,"60":0,"61":0,"62":0,"63":0,"64":0,"65":0,"66":0,"67":0,"68":0,"69":0,"70":0,"71":0,"72":0,"73":0,"74":0,"75":0,"76":0,"77":0,"78":0,"79":0,"80":0,"81":0,"82":0,"83":0,"84":0,"85":0,"86":0,"87":0,"88":0,"89":0,"90":0,"91":0,"92":0,"93":0,"94":0,"95":0,"96":0,"97":0,"98":0,"99":0,"100":0,"101":0,"102":0,"103":0,"104":0,"105":0,"106":0,"107":0,"108":0,"109":0,"110":0,"111":0,"112":0},"f":{"0":4,"1":5,"2":2,"3":3,"4":3,"5":3,"6":4,"7":4,"8":8,"9":256,"10":0,"11":0,"12":0,"13":0,"14":0,"15":0,"16":0},"b":{"0":[3,1],"1":[2,3],"2":[5,4],"3":[2,1],"4":[2,1],"5":[3,0],"6":[2,1],"7":[0,3],"8":[3,0],"9":[3,1,1],"10":[0,0],"11":[0,0],"12":[0,0],"13":[0,0],"14":[0,0],"15":[0,0],"16":[0,0],"17":[0,0],"18":[0,0],"19":[0,0],"20":[0,0],"21":[0,0],"22":[0,0]},"meta":{"lastBranch":23,"lastFunction":17,"lastStatement":113,"seen":{"s:14:23:14:Infinity":0,"f:20:16:20:30":0,"s:21:8:21:Infinity":1,"s:22:41:22:Infinity":2,"b:25:2:27:Infinity:undefined:undefined:undefined:undefined":0,"s:25:2:27:Infinity":3,"s:26:4:26:Infinity":4,"s:30:22:30:Infinity":5,"s:33:17:40:Infinity":6,"s:43:18:43:Infinity":7,"s:44:2:44:Infinity":8,"f:53:16:53:91":1,"s:55:15:55:Infinity":9,"s:56:17:56:Infinity":10,"s:58:22:58:Infinity":11,"s:59:18:59:Infinity":12,"b:61:2:63:Infinity:undefined:undefined:undefined:undefined":1,"s:61:2:63:Infinity":13,"b:61:6:61:22:61:22:61:32":2,"s:62:4:62:Infinity":14,"s:66:15:66:Infinity":15,"s:68:2:68:Infinity":16,"f:75:16:75:39":2,"s:76:20:76:Infinity":17,"b:76:20:76:62:76:62:76:Infinity":3,"s:77:2:77:Infinity":18,"s:78:2:78:Infinity":19,"f:86:16:86:31":3,"s:87:8:87:Infinity":20,"s:88:24:88:Infinity":21,"s:91:2:91:Infinity":22,"s:94:32:94:Infinity":23,"s:97:17:99:Infinity":24,"b:102:2:104:Infinity:undefined:undefined:undefined:undefined":4,"s:102:2:104:Infinity":25,"s:103:4:103:Infinity":26,"s:107:20:107:Infinity":27,"b:109:2:113:Infinity:undefined:undefined:undefined:undefined":5,"s:109:2:113:Infinity":28,"s:110:4:110:Infinity":29,"s:111:4:111:Infinity":30,"s:112:4:112:Infinity":31,"b:112:44:112:56:112:56:112:65":6,"s:115:2:115:Infinity":32,"f:123:9:123:23":4,"s:124:2:147:Infinity":33,"s:126:18:126:Infinity":34,"b:127:4:129:Infinity:undefined:undefined:undefined:undefined":7,"s:127:4:129:Infinity":35,"s:128:6:128:Infinity":36,"s:132:20:132:Infinity":37,"s:133:20:133:Infinity":38,"s:134:19:134:Infinity":39,"s:137:4:141:Infinity":40,"b:138:11:138:25:138:25:138:Infinity":8,"b:139:12:139:27:139:27:139:56:139:56:139:Infinity":9,"b:143:4:145:Infinity:undefined:undefined:undefined:undefined":10,"s:143:4:145:Infinity":41,"s:144:6:144:Infinity":42,"s:146:4:146:Infinity":43,"b:146:35:146:43:146:43:146:Infinity":11,"f:155:9:155:25":5,"s:157:15:157:Infinity":44,"s:160:2:162:Infinity":45,"s:161:4:161:Infinity":46,"s:165:2:169:Infinity":47,"s:166:4:166:Infinity":48,"s:168:4:168:Infinity":49,"f:175:9:175:33":6,"s:176:2:176:Infinity":50,"f:182:9:182:33":7,"s:183:2:183:Infinity":51,"f:189:9:189:30":8,"s:190:16:190:Infinity":52,"s:191:2:191:Infinity":53,"s:192:2:192:Infinity":54,"f:192:27:192:28":9,"s:192:37:192:71":55,"f:200:16:200:34":10,"s:201:2:221:Infinity":56,"s:202:18:202:Infinity":57,"b:203:4:205:Infinity:undefined:undefined:undefined:undefined":12,"s:203:4:205:Infinity":58,"s:204:6:204:Infinity":59,"s:207:20:207:Infinity":60,"s:208:20:208:Infinity":61,"s:209:19:209:Infinity":62,"b:211:4:213:Infinity:undefined:undefined:undefined:undefined":13,"s:211:4:213:Infinity":63,"s:212:6:212:Infinity":64,"s:215:16:215:Infinity":65,"s:216:22:216:Infinity":66,"s:218:4:218:Infinity":67,"s:220:4:220:Infinity":68,"f:229:22:229:110":11,"s:230:8:230:Infinity":69,"s:231:41:231:Infinity":70,"s:233:2:321:Infinity":71,"f:233:21:233:22":12,"s:235:19:235:Infinity":72,"s:236:4:236:Infinity":73,"s:237:4:237:Infinity":74,"s:238:4:238:Infinity":75,"s:239:4:239:Infinity":76,"s:242:24:242:Infinity":77,"s:245:19:253:Infinity":78,"s:255:20:255:Infinity":79,"s:258:20:264:Infinity":80,"f:258:31:258:37":13,"s:259:6:259:Infinity":81,"b:260:6:262:Infinity:undefined:undefined:undefined:undefined":14,"s:260:6:262:Infinity":82,"s:261:8:261:Infinity":83,"s:263:6:263:Infinity":84,"s:267:27:277:Infinity":85,"f:267:27:267:28":14,"b:269:6:271:Infinity:undefined:undefined:undefined:undefined":15,"s:269:6:271:Infinity":86,"s:270:8:270:Infinity":87,"b:274:6:276:Infinity:undefined:undefined:undefined:undefined":16,"s:274:6:276:Infinity":88,"s:275:8:275:Infinity":89,"s:280:34:300:Infinity":90,"f:280:34:280:35":15,"s:281:6:281:Infinity":91,"b:283:6:299:Infinity:294:13:299:Infinity":17,"s:283:6:299:Infinity":92,"b:283:10:283:26:283:26:283:39":18,"s:284:41:284:Infinity":93,"s:285:8:293:Infinity":94,"s:286:23:286:Infinity":95,"s:287:10:287:Infinity":96,"b:289:10:291:Infinity:undefined:undefined:undefined:undefined":19,"s:289:10:291:Infinity":97,"s:290:12:290:Infinity":98,"s:292:10:292:Infinity":99,"b:295:8:297:Infinity:undefined:undefined:undefined:undefined":20,"s:295:8:297:Infinity":100,"s:296:10:296:Infinity":101,"s:298:8:298:Infinity":102,"s:303:20:309:Infinity":103,"f:303:20:303:26":16,"s:304:6:304:Infinity":104,"s:305:6:305:Infinity":105,"b:306:6:308:Infinity:undefined:undefined:undefined:undefined":21,"s:306:6:308:Infinity":106,"s:307:8:307:Infinity":107,"s:312:4:312:Infinity":108,"s:315:4:315:Infinity":109,"s:316:4:316:Infinity":110,"b:318:4:320:Infinity:undefined:undefined:undefined:undefined":22,"s:318:4:320:Infinity":111,"s:319:6:319:Infinity":112}}}
,"C:\\Work\\cortside\\shoppingcart-web\\src\\components\\common\\Button.tsx": {"path":"C:\\Work\\cortside\\shoppingcart-web\\src\\components\\common\\Button.tsx","statementMap":{"0":{"start":{"line":28,"column":4},"end":{"line":28,"column":null}},"1":{"start":{"line":30,"column":24},"end":{"line":35,"column":null}},"2":{"start":{"line":37,"column":2},"end":{"line":71,"column":null}}},"fnMap":{"0":{"name":"Button","decl":{"start":{"line":18,"column":24},"end":{"line":18,"column":31}},"loc":{"start":{"line":26,"column":16},"end":{"line":73,"column":null}},"line":26}},"branchMap":{"0":{"loc":{"start":{"line":21,"column":2},"end":{"line":21,"column":null}},"type":"default-arg","locations":[{"start":{"line":21,"column":9},"end":{"line":21,"column":null}}],"line":21},"1":{"loc":{"start":{"line":22,"column":2},"end":{"line":22,"column":null}},"type":"default-arg","locations":[{"start":{"line":22,"column":12},"end":{"line":22,"column":null}}],"line":22},"2":{"loc":{"start":{"line":23,"column":2},"end":{"line":23,"column":null}},"type":"default-arg","locations":[{"start":{"line":23,"column":13},"end":{"line":23,"column":null}}],"line":23},"3":{"loc":{"start":{"line":24,"column":2},"end":{"line":24,"column":null}},"type":"default-arg","locations":[{"start":{"line":24,"column":12},"end":{"line":24,"column":null}}],"line":24},"4":{"loc":{"start":{"line":25,"column":2},"end":{"line":25,"column":null}},"type":"default-arg","locations":[{"start":{"line":25,"column":14},"end":{"line":25,"column":null}}],"line":25},"5":{"loc":{"start":{"line":41,"column":16},"end":{"line":41,"column":null}},"type":"binary-expr","locations":[{"start":{"line":41,"column":16},"end":{"line":41,"column":28}},{"start":{"line":41,"column":28},"end":{"line":41,"column":null}}],"line":41},"6":{"loc":{"start":{"line":44,"column":7},"end":{"line":69,"column":null}},"type":"cond-expr","locations":[{"start":{"line":45,"column":8},"end":{"line":67,"column":null}},{"start":{"line":69,"column":8},"end":{"line":69,"column":null}}],"line":44}},"s":{"0":411,"1":411,"2":411},"f":{"0":411},"b":{"0":[411],"1":[411],"2":[411],"3":[411],"4":[411],"5":[411,407],"6":[2,409]},"meta":{"lastBranch":7,"lastFunction":1,"lastStatement":3,"seen":{"f:18:24:18:31":0,"b:21:9:21:Infinity":0,"b:22:12:22:Infinity":1,"b:23:13:23:Infinity":2,"b:24:12:24:Infinity":3,"b:25:14:25:Infinity":4,"s:28:4:28:Infinity":0,"s:30:24:35:Infinity":1,"s:37:2:71:Infinity":2,"b:41:16:41:28:41:28:41:Infinity":5,"b:45:8:67:Infinity:69:8:69:Infinity":6}}}
,"C:\\Work\\cortside\\shoppingcart-web\\src\\components\\common\\ErrorMessage.tsx": {"path":"C:\\Work\\cortside\\shoppingcart-web\\src\\components\\common\\ErrorMessage.tsx","statementMap":{"0":{"start":{"line":12,"column":2},"end":{"line":44,"column":null}}},"fnMap":{"0":{"name":"ErrorMessage","decl":{"start":{"line":11,"column":24},"end":{"line":11,"column":37}},"loc":{"start":{"line":11,"column":78},"end":{"line":46,"column":null}},"line":11}},"branchMap":{"0":{"loc":{"start":{"line":33,"column":11},"end":{"line":40,"column":null}},"type":"binary-expr","locations":[{"start":{"line":33,"column":11},"end":{"line":33,"column":null}},{"start":{"line":34,"column":12},"end":{"line":40,"column":null}}],"line":33}},"s":{"0":11},"f":{"0":11},"b":{"0":[11,2]},"meta":{"lastBranch":1,"lastFunction":1,"lastStatement":1,"seen":{"f:11:24:11:37":0,"s:12:2:44:Infinity":0,"b:33:11:33:Infinity:34:12:40:Infinity":0}}}
,"C:\\Work\\cortside\\shoppingcart-web\\src\\components\\common\\LoadingSpinner.tsx": {"path":"C:\\Work\\cortside\\shoppingcart-web\\src\\components\\common\\LoadingSpinner.tsx","statementMap":{"0":{"start":{"line":7,"column":2},"end":{"line":10,"column":null}}},"fnMap":{"0":{"name":"LoadingSpinner","decl":{"start":{"line":6,"column":24},"end":{"line":6,"column":41}},"loc":{"start":{"line":6,"column":41},"end":{"line":12,"column":null}},"line":6}},"branchMap":{},"s":{"0":36},"f":{"0":36},"b":{},"meta":{"lastBranch":0,"lastFunction":1,"lastStatement":1,"seen":{"f:6:24:6:41":0,"s:7:2:10:Infinity":0}}}
,"C:\\Work\\cortside\\shoppingcart-web\\src\\components\\common\\Pagination.tsx": {"path":"C:\\Work\\cortside\\shoppingcart-web\\src\\components\\common\\Pagination.tsx","statementMap":{"0":{"start":{"line":17,"column":13},"end":{"line":74,"column":null}},"1":{"start":{"line":18,"column":22},"end":{"line":18,"column":null}},"2":{"start":{"line":19,"column":18},"end":{"line":19,"column":null}},"3":{"start":{"line":21,"column":8},"end":{"line":25,"column":null}},"4":{"start":{"line":22,"column":4},"end":{"line":24,"column":null}},"5":{"start":{"line":23,"column":6},"end":{"line":23,"column":null}},"6":{"start":{"line":27,"column":8},"end":{"line":31,"column":null}},"7":{"start":{"line":28,"column":4},"end":{"line":30,"column":null}},"8":{"start":{"line":29,"column":6},"end":{"line":29,"column":null}},"9":{"start":{"line":34,"column":2},"end":{"line":36,"column":null}},"10":{"start":{"line":35,"column":4},"end":{"line":35,"column":null}},"11":{"start":{"line":38,"column":2},"end":{"line":72,"column":null}},"12":{"start":{"line":76,"column":0},"end":{"line":76,"column":null}}},"fnMap":{"0":{"name":"(anonymous_0)","decl":{"start":{"line":17,"column":48},"end":{"line":17,"column":49}},"loc":{"start":{"line":17,"column":95},"end":{"line":74,"column":1}},"line":17},"1":{"name":"(anonymous_1)","decl":{"start":{"line":21,"column":37},"end":{"line":21,"column":43}},"loc":{"start":{"line":21,"column":43},"end":{"line":25,"column":5}},"line":21},"2":{"name":"(anonymous_2)","decl":{"start":{"line":27,"column":33},"end":{"line":27,"column":39}},"loc":{"start":{"line":27,"column":39},"end":{"line":31,"column":5}},"line":27}},"branchMap":{"0":{"loc":{"start":{"line":22,"column":4},"end":{"line":24,"column":null}},"type":"if","locations":[{"start":{"line":22,"column":4},"end":{"line":24,"column":null}},{"start":{},"end":{}}],"line":22},"1":{"loc":{"start":{"line":28,"column":4},"end":{"line":30,"column":null}},"type":"if","locations":[{"start":{"line":28,"column":4},"end":{"line":30,"column":null}},{"start":{},"end":{}}],"line":28},"2":{"loc":{"start":{"line":34,"column":2},"end":{"line":36,"column":null}},"type":"if","locations":[{"start":{"line":34,"column":2},"end":{"line":36,"column":null}},{"start":{},"end":{}}],"line":34},"3":{"loc":{"start":{"line":45,"column":10},"end":{"line":47,"column":null}},"type":"cond-expr","locations":[{"start":{"line":46,"column":14},"end":{"line":46,"column":null}},{"start":{"line":47,"column":14},"end":{"line":47,"column":null}}],"line":45},"4":{"loc":{"start":{"line":64,"column":10},"end":{"line":66,"column":null}},"type":"cond-expr","locations":[{"start":{"line":65,"column":14},"end":{"line":65,"column":null}},{"start":{"line":66,"column":14},"end":{"line":66,"column":null}}],"line":64}},"s":{"0":2,"1":13,"2":13,"3":13,"4":1,"5":1,"6":13,"7":1,"8":1,"9":13,"10":5,"11":8,"12":2},"f":{"0":13,"1":1,"2":1},"b":{"0":[1,0],"1":[1,0],"2":[5,8],"3":[5,3],"4":[6,2]},"meta":{"lastBranch":5,"lastFunction":3,"lastStatement":13,"seen":{"s:17:13:74:Infinity":0,"f:17:48:17:49":0,"s:18:22:18:Infinity":1,"s:19:18:19:Infinity":2,"s:21:8:25:Infinity":3,"f:21:37:21:43":1,"b:22:4:24:Infinity:undefined:undefined:undefined:undefined":0,"s:22:4:24:Infinity":4,"s:23:6:23:Infinity":5,"s:27:8:31:Infinity":6,"f:27:33:27:39":2,"b:28:4:30:Infinity:undefined:undefined:undefined:undefined":1,"s:28:4:30:Infinity":7,"s:29:6:29:Infinity":8,"b:34:2:36:Infinity:undefined:undefined:undefined:undefined":2,"s:34:2:36:Infinity":9,"s:35:4:35:Infinity":10,"s:38:2:72:Infinity":11,"b:46:14:46:Infinity:47:14:47:Infinity":3,"b:65:14:65:Infinity:66:14:66:Infinity":4,"s:76:0:76:Infinity":12}}}
,"C:\\Work\\cortside\\shoppingcart-web\\src\\components\\common\\Toast.tsx": {"path":"C:\\Work\\cortside\\shoppingcart-web\\src\\components\\common\\Toast.tsx","statementMap":{"0":{"start":{"line":16,"column":2},"end":{"line":22,"column":null}},"1":{"start":{"line":17,"column":18},"end":{"line":19,"column":null}},"2":{"start":{"line":18,"column":6},"end":{"line":18,"column":null}},"3":{"start":{"line":21,"column":4},"end":{"line":21,"column":null}},"4":{"start":{"line":21,"column":17},"end":{"line":21,"column":null}},"5":{"start":{"line":24,"column":18},"end":{"line":24,"column":null}},"6":{"start":{"line":26,"column":2},"end":{"line":67,"column":null}}},"fnMap":{"0":{"name":"Toast","decl":{"start":{"line":15,"column":24},"end":{"line":15,"column":30}},"loc":{"start":{"line":15,"column":99},"end":{"line":69,"column":null}},"line":15},"1":{"name":"(anonymous_1)","decl":{"start":{"line":16,"column":12},"end":{"line":16,"column":18}},"loc":{"start":{"line":16,"column":18},"end":{"line":22,"column":5}},"line":16},"2":{"name":"(anonymous_2)","decl":{"start":{"line":17,"column":29},"end":{"line":17,"column":35}},"loc":{"start":{"line":17,"column":35},"end":{"line":19,"column":7}},"line":17},"3":{"name":"(anonymous_3)","decl":{"start":{"line":21,"column":11},"end":{"line":21,"column":17}},"loc":{"start":{"line":21,"column":17},"end":{"line":21,"column":null}},"line":21}},"branchMap":{"0":{"loc":{"start":{"line":15,"column":41},"end":{"line":15,"column":59}},"type":"default-arg","locations":[{"start":{"line":15,"column":48},"end":{"line":15,"column":59}}],"line":15},"1":{"loc":{"start":{"line":15,"column":68},"end":{"line":15,"column":84}},"type":"default-arg","locations":[{"start":{"line":15,"column":79},"end":{"line":15,"column":84}}],"line":15},"2":{"loc":{"start":{"line":24,"column":18},"end":{"line":24,"column":null}},"type":"cond-expr","locations":[{"start":{"line":24,"column":39},"end":{"line":24,"column":56}},{"start":{"line":24,"column":56},"end":{"line":24,"column":null}}],"line":24},"3":{"loc":{"start":{"line":29,"column":9},"end":{"line":54,"column":null}},"type":"cond-expr","locations":[{"start":{"line":30,"column":10},"end":{"line":41,"column":null}},{"start":{"line":43,"column":10},"end":{"line":54,"column":null}}],"line":29}},"s":{"0":6,"1":6,"2":2,"3":6,"4":6,"5":6,"6":6},"f":{"0":6,"1":6,"2":2,"3":6},"b":{"0":[6],"1":[6],"2":[5,1],"3":[5,1]},"meta":{"lastBranch":4,"lastFunction":4,"lastStatement":7,"seen":{"f:15:24:15:30":0,"b:15:48:15:59":0,"b:15:79:15:84":1,"s:16:2:22:Infinity":0,"f:16:12:16:18":1,"s:17:18:19:Infinity":1,"f:17:29:17:35":2,"s:18:6:18:Infinity":2,"s:21:4:21:Infinity":3,"f:21:11:21:17":3,"s:21:17:21:Infinity":4,"s:24:18:24:Infinity":5,"b:24:39:24:56:24:56:24:Infinity":2,"s:26:2:67:Infinity":6,"b:30:10:41:Infinity:43:10:54:Infinity":3}}}
,"C:\\Work\\cortside\\shoppingcart-web\\src\\components\\layout\\Header.tsx": {"path":"C:\\Work\\cortside\\shoppingcart-web\\src\\components\\layout\\Header.tsx","statementMap":{"0":{"start":{"line":7,"column":20},"end":{"line":7,"column":null}},"1":{"start":{"line":8,"column":40},"end":{"line":8,"column":null}},"2":{"start":{"line":9,"column":38},"end":{"line":9,"column":null}},"3":{"start":{"line":10,"column":8},"end":{"line":10,"column":null}},"4":{"start":{"line":13,"column":2},"end":{"line":27,"column":null}},"5":{"start":{"line":14,"column":31},"end":{"line":18,"column":null}},"6":{"start":{"line":15,"column":6},"end":{"line":17,"column":null}},"7":{"start":{"line":16,"column":8},"end":{"line":16,"column":null}},"8":{"start":{"line":20,"column":4},"end":{"line":22,"column":null}},"9":{"start":{"line":21,"column":6},"end":{"line":21,"column":null}},"10":{"start":{"line":24,"column":4},"end":{"line":26,"column":null}},"11":{"start":{"line":25,"column":6},"end":{"line":25,"column":null}},"12":{"start":{"line":30,"column":8},"end":{"line":37,"column":null}},"13":{"start":{"line":31,"column":4},"end":{"line":36,"column":null}},"14":{"start":{"line":32,"column":6},"end":{"line":32,"column":null}},"15":{"start":{"line":33,"column":4},"end":{"line":36,"column":null}},"16":{"start":{"line":34,"column":6},"end":{"line":34,"column":null}},"17":{"start":{"line":35,"column":6},"end":{"line":35,"column":null}},"18":{"start":{"line":35,"column":32},"end":{"line":35,"column":37}},"19":{"start":{"line":39,"column":2},"end":{"line":137,"column":null}},"20":{"start":{"line":68,"column":33},"end":{"line":68,"column":null}},"21":{"start":{"line":103,"column":37},"end":{"line":103,"column":null}},"22":{"start":{"line":111,"column":37},"end":{"line":111,"column":null}},"23":{"start":{"line":118,"column":24},"end":{"line":118,"column":null}},"24":{"start":{"line":119,"column":24},"end":{"line":119,"column":null}}},"fnMap":{"0":{"name":"Header","decl":{"start":{"line":6,"column":16},"end":{"line":6,"column":25}},"loc":{"start":{"line":6,"column":25},"end":{"line":139,"column":null}},"line":6},"1":{"name":"(anonymous_1)","decl":{"start":{"line":13,"column":12},"end":{"line":13,"column":18}},"loc":{"start":{"line":13,"column":18},"end":{"line":27,"column":5}},"line":13},"2":{"name":"(anonymous_2)","decl":{"start":{"line":14,"column":31},"end":{"line":14,"column":32}},"loc":{"start":{"line":14,"column":54},"end":{"line":18,"column":null}},"line":14},"3":{"name":"(anonymous_3)","decl":{"start":{"line":24,"column":11},"end":{"line":24,"column":17}},"loc":{"start":{"line":24,"column":17},"end":{"line":26,"column":null}},"line":24},"4":{"name":"(anonymous_4)","decl":{"start":{"line":30,"column":36},"end":{"line":30,"column":37}},"loc":{"start":{"line":30,"column":64},"end":{"line":37,"column":5}},"line":30},"5":{"name":"(anonymous_5)","decl":{"start":{"line":35,"column":22},"end":{"line":35,"column":23}},"loc":{"start":{"line":35,"column":32},"end":{"line":35,"column":37}},"line":35},"6":{"name":"(anonymous_6)","decl":{"start":{"line":68,"column":27},"end":{"line":68,"column":33}},"loc":{"start":{"line":68,"column":33},"end":{"line":68,"column":null}},"line":68},"7":{"name":"(anonymous_7)","decl":{"start":{"line":103,"column":31},"end":{"line":103,"column":37}},"loc":{"start":{"line":103,"column":37},"end":{"line":103,"column":null}},"line":103},"8":{"name":"(anonymous_8)","decl":{"start":{"line":111,"column":31},"end":{"line":111,"column":37}},"loc":{"start":{"line":111,"column":37},"end":{"line":111,"column":null}},"line":111},"9":{"name":"(anonymous_9)","decl":{"start":{"line":117,"column":31},"end":{"line":117,"column":37}},"loc":{"start":{"line":117,"column":37},"end":{"line":120,"column":null}},"line":117}},"branchMap":{"0":{"loc":{"start":{"line":15,"column":6},"end":{"line":17,"column":null}},"type":"if","locations":[{"start":{"line":15,"column":6},"end":{"line":17,"column":null}},{"start":{},"end":{}}],"line":15},"1":{"loc":{"start":{"line":15,"column":10},"end":{"line":15,"column":86}},"type":"binary-expr","locations":[{"start":{"line":15,"column":10},"end":{"line":15,"column":33}},{"start":{"line":15,"column":33},"end":{"line":15,"column":86}}],"line":15},"2":{"loc":{"start":{"line":20,"column":4},"end":{"line":22,"column":null}},"type":"if","locations":[{"start":{"line":20,"column":4},"end":{"line":22,"column":null}},{"start":{},"end":{}}],"line":20},"3":{"loc":{"start":{"line":31,"column":4},"end":{"line":36,"column":null}},"type":"if","locations":[{"start":{"line":31,"column":4},"end":{"line":36,"column":null}},{"start":{"line":33,"column":4},"end":{"line":36,"column":null}}],"line":31},"4":{"loc":{"start":{"line":33,"column":4},"end":{"line":36,"column":null}},"type":"if","locations":[{"start":{"line":33,"column":4},"end":{"line":36,"column":null}},{"start":{},"end":{}}],"line":33},"5":{"loc":{"start":{"line":33,"column":15},"end":{"line":33,"column":51}},"type":"binary-expr","locations":[{"start":{"line":33,"column":15},"end":{"line":33,"column":36}},{"start":{"line":33,"column":36},"end":{"line":33,"column":51}}],"line":33},"6":{"loc":{"start":{"line":65,"column":13},"end":{"line":132,"column":null}},"type":"cond-expr","locations":[{"start":{"line":66,"column":14},"end":{"line":128,"column":null}},{"start":{"line":130,"column":14},"end":{"line":132,"column":null}}],"line":65},"7":{"loc":{"start":{"line":82,"column":25},"end":{"line":82,"column":64}},"type":"binary-expr","locations":[{"start":{"line":82,"column":25},"end":{"line":82,"column":39}},{"start":{"line":82,"column":39},"end":{"line":82,"column":54}},{"start":{"line":82,"column":54},"end":{"line":82,"column":64}}],"line":82},"8":{"loc":{"start":{"line":84,"column":63},"end":{"line":84,"column":95}},"type":"cond-expr","locations":[{"start":{"line":84,"column":78},"end":{"line":84,"column":93}},{"start":{"line":84,"column":93},"end":{"line":84,"column":95}}],"line":84},"9":{"loc":{"start":{"line":94,"column":17},"end":{"line":126,"column":null}},"type":"binary-expr","locations":[{"start":{"line":94,"column":17},"end":{"line":94,"column":null}},{"start":{"line":95,"column":18},"end":{"line":126,"column":null}}],"line":94}},"s":{"0":36,"1":36,"2":36,"3":36,"4":36,"5":28,"6":1,"7":1,"8":28,"9":9,"10":28,"11":28,"12":36,"13":0,"14":0,"15":0,"16":0,"17":0,"18":0,"19":36,"20":9,"21":0,"22":0,"23":0,"24":0},"f":{"0":36,"1":28,"2":1,"3":28,"4":0,"5":0,"6":9,"7":0,"8":0,"9":0},"b":{"0":[1,0],"1":[1,1],"2":[9,19],"3":[0,0],"4":[0,0],"5":[0,0],"6":[22,14],"7":[22,1,0],"8":[9,13],"9":[22,9]},"meta":{"lastBranch":10,"lastFunction":10,"lastStatement":25,"seen":{"f:6:16:6:25":0,"s:7:20:7:Infinity":0,"s:8:40:8:Infinity":1,"s:9:38:9:Infinity":2,"s:10:8:10:Infinity":3,"s:13:2:27:Infinity":4,"f:13:12:13:18":1,"s:14:31:18:Infinity":5,"f:14:31:14:32":2,"b:15:6:17:Infinity:undefined:undefined:undefined:undefined":0,"s:15:6:17:Infinity":6,"b:15:10:15:33:15:33:15:86":1,"s:16:8:16:Infinity":7,"b:20:4:22:Infinity:undefined:undefined:undefined:undefined":2,"s:20:4:22:Infinity":8,"s:21:6:21:Infinity":9,"s:24:4:26:Infinity":10,"f:24:11:24:17":3,"s:25:6:25:Infinity":11,"s:30:8:37:Infinity":12,"f:30:36:30:37":4,"b:31:4:36:Infinity:33:4:36:Infinity":3,"s:31:4:36:Infinity":13,"s:32:6:32:Infinity":14,"b:33:4:36:Infinity:undefined:undefined:undefined:undefined":4,"s:33:4:36:Infinity":15,"b:33:15:33:36:33:36:33:51":5,"s:34:6:34:Infinity":16,"s:35:6:35:Infinity":17,"f:35:22:35:23":5,"s:35:32:35:37":18,"s:39:2:137:Infinity":19,"b:66:14:128:Infinity:130:14:132:Infinity":6,"f:68:27:68:33":6,"s:68:33:68:Infinity":20,"b:82:25:82:39:82:39:82:54:82:54:82:64":7,"b:84:78:84:93:84:93:84:95":8,"b:94:17:94:Infinity:95:18:126:Infinity":9,"f:103:31:103:37":7,"s:103:37:103:Infinity":21,"f:111:31:111:37":8,"s:111:37:111:Infinity":22,"f:117:31:117:37":9,"s:118:24:118:Infinity":23,"s:119:24:119:Infinity":24}}}
,"C:\\Work\\cortside\\shoppingcart-web\\src\\contexts\\AuthContext.tsx": {"path":"C:\\Work\\cortside\\shoppingcart-web\\src\\contexts\\AuthContext.tsx","statementMap":{"0":{"start":{"line":35,"column":6},"end":{"line":35,"column":null}},"1":{"start":{"line":36,"column":25},"end":{"line":36,"column":null}},"2":{"start":{"line":42,"column":2},"end":{"line":57,"column":null}},"3":{"start":{"line":43,"column":19},"end":{"line":43,"column":null}},"4":{"start":{"line":44,"column":4},"end":{"line":44,"column":null}},"5":{"start":{"line":44,"column":17},"end":{"line":44,"column":null}},"6":{"start":{"line":46,"column":18},"end":{"line":46,"column":null}},"7":{"start":{"line":49,"column":4},"end":{"line":51,"column":null}},"8":{"start":{"line":50,"column":6},"end":{"line":50,"column":null}},"9":{"start":{"line":53,"column":4},"end":{"line":53,"column":null}},"10":{"start":{"line":55,"column":4},"end":{"line":55,"column":null}},"11":{"start":{"line":56,"column":4},"end":{"line":56,"column":null}},"12":{"start":{"line":64,"column":2},"end":{"line":68,"column":null}},"13":{"start":{"line":65,"column":4},"end":{"line":65,"column":null}},"14":{"start":{"line":67,"column":4},"end":{"line":67,"column":null}},"15":{"start":{"line":75,"column":2},"end":{"line":79,"column":null}},"16":{"start":{"line":76,"column":4},"end":{"line":76,"column":null}},"17":{"start":{"line":78,"column":4},"end":{"line":78,"column":null}},"18":{"start":{"line":86,"column":2},"end":{"line":86,"column":null}},"19":{"start":{"line":95,"column":2},"end":{"line":118,"column":null}},"20":{"start":{"line":96,"column":18},"end":{"line":96,"column":null}},"21":{"start":{"line":97,"column":4},"end":{"line":99,"column":null}},"22":{"start":{"line":98,"column":6},"end":{"line":98,"column":null}},"23":{"start":{"line":102,"column":20},"end":{"line":102,"column":null}},"24":{"start":{"line":103,"column":17},"end":{"line":103,"column":null}},"25":{"start":{"line":104,"column":4},"end":{"line":106,"column":null}},"26":{"start":{"line":105,"column":6},"end":{"line":105,"column":null}},"27":{"start":{"line":107,"column":20},"end":{"line":107,"column":null}},"28":{"start":{"line":108,"column":19},"end":{"line":108,"column":null}},"29":{"start":{"line":110,"column":4},"end":{"line":112,"column":null}},"30":{"start":{"line":111,"column":6},"end":{"line":111,"column":null}},"31":{"start":{"line":114,"column":16},"end":{"line":114,"column":null}},"32":{"start":{"line":115,"column":4},"end":{"line":115,"column":null}},"33":{"start":{"line":117,"column":4},"end":{"line":117,"column":null}},"34":{"start":{"line":170,"column":44},"end":{"line":173,"column":null}},"35":{"start":{"line":171,"column":19},"end":{"line":171,"column":null}},"36":{"start":{"line":172,"column":4},"end":{"line":172,"column":null}},"37":{"start":{"line":175,"column":36},"end":{"line":178,"column":null}},"38":{"start":{"line":176,"column":19},"end":{"line":176,"column":null}},"39":{"start":{"line":177,"column":4},"end":{"line":177,"column":null}},"40":{"start":{"line":180,"column":28},"end":{"line":183,"column":null}},"41":{"start":{"line":181,"column":19},"end":{"line":181,"column":null}},"42":{"start":{"line":182,"column":4},"end":{"line":182,"column":null}},"43":{"start":{"line":185,"column":22},"end":{"line":188,"column":null}},"44":{"start":{"line":186,"column":19},"end":{"line":186,"column":null}},"45":{"start":{"line":187,"column":4},"end":{"line":187,"column":null}},"46":{"start":{"line":190,"column":50},"end":{"line":193,"column":null}},"47":{"start":{"line":191,"column":19},"end":{"line":191,"column":null}},"48":{"start":{"line":192,"column":4},"end":{"line":192,"column":null}},"49":{"start":{"line":196,"column":8},"end":{"line":196,"column":null}},"50":{"start":{"line":197,"column":2},"end":{"line":199,"column":null}},"51":{"start":{"line":198,"column":4},"end":{"line":198,"column":null}},"52":{"start":{"line":204,"column":2},"end":{"line":209,"column":null}},"53":{"start":{"line":205,"column":28},"end":{"line":207,"column":null}},"54":{"start":{"line":206,"column":6},"end":{"line":206,"column":null}},"55":{"start":{"line":208,"column":4},"end":{"line":208,"column":null}},"56":{"start":{"line":212,"column":8},"end":{"line":212,"column":null}},"57":{"start":{"line":213,"column":2},"end":{"line":215,"column":null}},"58":{"start":{"line":214,"column":4},"end":{"line":214,"column":null}},"59":{"start":{"line":218,"column":8},"end":{"line":218,"column":null}},"60":{"start":{"line":221,"column":8},"end":{"line":221,"column":null}},"61":{"start":{"line":226,"column":8},"end":{"line":269,"column":null}},"62":{"start":{"line":227,"column":4},"end":{"line":229,"column":null}},"63":{"start":{"line":228,"column":6},"end":{"line":228,"column":null}},"64":{"start":{"line":231,"column":4},"end":{"line":268,"column":null}},"65":{"start":{"line":232,"column":21},"end":{"line":232,"column":null}},"66":{"start":{"line":233,"column":6},"end":{"line":256,"column":null}},"67":{"start":{"line":235,"column":8},"end":{"line":235,"column":null}},"68":{"start":{"line":236,"column":8},"end":{"line":236,"column":null}},"69":{"start":{"line":237,"column":8},"end":{"line":237,"column":null}},"70":{"start":{"line":239,"column":8},"end":{"line":241,"column":null}},"71":{"start":{"line":240,"column":10},"end":{"line":240,"column":null}},"72":{"start":{"line":243,"column":8},"end":{"line":243,"column":null}},"73":{"start":{"line":246,"column":8},"end":{"line":248,"column":null}},"74":{"start":{"line":247,"column":10},"end":{"line":247,"column":null}},"75":{"start":{"line":250,"column":8},"end":{"line":250,"column":null}},"76":{"start":{"line":251,"column":8},"end":{"line":251,"column":null}},"77":{"start":{"line":252,"column":8},"end":{"line":252,"column":null}},"78":{"start":{"line":253,"column":8},"end":{"line":253,"column":null}},"79":{"start":{"line":254,"column":8},"end":{"line":254,"column":null}},"80":{"start":{"line":255,"column":8},"end":{"line":255,"column":null}},"81":{"start":{"line":258,"column":6},"end":{"line":260,"column":null}},"82":{"start":{"line":259,"column":8},"end":{"line":259,"column":null}},"83":{"start":{"line":262,"column":6},"end":{"line":262,"column":null}},"84":{"start":{"line":263,"column":6},"end":{"line":263,"column":null}},"85":{"start":{"line":264,"column":6},"end":{"line":264,"column":null}},"86":{"start":{"line":265,"column":6},"end":{"line":265,"column":null}},"87":{"start":{"line":266,"column":6},"end":{"line":266,"column":null}},"88":{"start":{"line":267,"column":6},"end":{"line":267,"column":null}},"89":{"start":{"line":275,"column":8},"end":{"line":310,"column":null}},"90":{"start":{"line":278,"column":6},"end":{"line":281,"column":null}},"91":{"start":{"line":279,"column":8},"end":{"line":279,"column":null}},"92":{"start":{"line":280,"column":8},"end":{"line":280,"column":null}},"93":{"start":{"line":284,"column":12},"end":{"line":284,"column":null}},"94":{"start":{"line":285,"column":6},"end":{"line":291,"column":null}},"95":{"start":{"line":287,"column":8},"end":{"line":289,"column":null}},"96":{"start":{"line":288,"column":10},"end":{"line":288,"column":null}},"97":{"start":{"line":290,"column":8},"end":{"line":290,"column":null}},"98":{"start":{"line":294,"column":35},"end":{"line":294,"column":null}},"99":{"start":{"line":295,"column":22},"end":{"line":295,"column":null}},"100":{"start":{"line":297,"column":6},"end":{"line":299,"column":null}},"101":{"start":{"line":298,"column":8},"end":{"line":298,"column":null}},"102":{"start":{"line":301,"column":6},"end":{"line":307,"column":null}},"103":{"start":{"line":302,"column":25},"end":{"line":302,"column":null}},"104":{"start":{"line":304,"column":8},"end":{"line":306,"column":null}},"105":{"start":{"line":305,"column":10},"end":{"line":305,"column":null}},"106":{"start":{"line":313,"column":2},"end":{"line":315,"column":null}},"107":{"start":{"line":314,"column":4},"end":{"line":314,"column":null}},"108":{"start":{"line":318,"column":2},"end":{"line":330,"column":null}},"109":{"start":{"line":319,"column":4},"end":{"line":321,"column":null}},"110":{"start":{"line":320,"column":6},"end":{"line":320,"column":null}},"111":{"start":{"line":324,"column":4},"end":{"line":329,"column":null}},"112":{"start":{"line":325,"column":6},"end":{"line":328,"column":null}},"113":{"start":{"line":326,"column":8},"end":{"line":326,"column":null}},"114":{"start":{"line":327,"column":8},"end":{"line":327,"column":null}},"115":{"start":{"line":333,"column":2},"end":{"line":344,"column":null}},"116":{"start":{"line":334,"column":4},"end":{"line":343,"column":null}},"117":{"start":{"line":335,"column":6},"end":{"line":340,"column":null}},"118":{"start":{"line":341,"column":4},"end":{"line":343,"column":null}},"119":{"start":{"line":342,"column":6},"end":{"line":342,"column":null}},"120":{"start":{"line":347,"column":2},"end":{"line":397,"column":null}},"121":{"start":{"line":348,"column":4},"end":{"line":348,"column":null}},"122":{"start":{"line":348,"column":22},"end":{"line":348,"column":null}},"123":{"start":{"line":350,"column":20},"end":{"line":350,"column":null}},"124":{"start":{"line":352,"column":26},"end":{"line":390,"column":null}},"125":{"start":{"line":353,"column":6},"end":{"line":389,"column":null}},"126":{"start":{"line":354,"column":24},"end":{"line":354,"column":null}},"127":{"start":{"line":356,"column":8},"end":{"line":372,"column":null}},"128":{"start":{"line":358,"column":10},"end":{"line":358,"column":null}},"129":{"start":{"line":359,"column":10},"end":{"line":361,"column":null}},"130":{"start":{"line":360,"column":12},"end":{"line":360,"column":null}},"131":{"start":{"line":368,"column":10},"end":{"line":370,"column":null}},"132":{"start":{"line":369,"column":12},"end":{"line":369,"column":null}},"133":{"start":{"line":371,"column":10},"end":{"line":371,"column":null}},"134":{"start":{"line":374,"column":8},"end":{"line":374,"column":null}},"135":{"start":{"line":374,"column":23},"end":{"line":374,"column":null}},"136":{"start":{"line":376,"column":8},"end":{"line":383,"column":null}},"137":{"start":{"line":378,"column":10},"end":{"line":378,"column":null}},"138":{"start":{"line":379,"column":10},"end":{"line":379,"column":null}},"139":{"start":{"line":380,"column":10},"end":{"line":380,"column":null}},"140":{"start":{"line":381,"column":10},"end":{"line":381,"column":null}},"141":{"start":{"line":382,"column":10},"end":{"line":382,"column":null}},"142":{"start":{"line":386,"column":8},"end":{"line":388,"column":null}},"143":{"start":{"line":387,"column":10},"end":{"line":387,"column":null}},"144":{"start":{"line":392,"column":4},"end":{"line":392,"column":null}},"145":{"start":{"line":394,"column":4},"end":{"line":396,"column":null}},"146":{"start":{"line":395,"column":6},"end":{"line":395,"column":null}},"147":{"start":{"line":402,"column":8},"end":{"line":407,"column":null}},"148":{"start":{"line":403,"column":4},"end":{"line":403,"column":null}},"149":{"start":{"line":404,"column":4},"end":{"line":404,"column":null}},"150":{"start":{"line":405,"column":4},"end":{"line":405,"column":null}},"151":{"start":{"line":406,"column":4},"end":{"line":406,"column":null}},"152":{"start":{"line":413,"column":8},"end":{"line":416,"column":null}},"153":{"start":{"line":414,"column":24},"end":{"line":414,"column":null}},"154":{"start":{"line":415,"column":4},"end":{"line":415,"column":null}},"155":{"start":{"line":421,"column":8},"end":{"line":432,"column":null}},"156":{"start":{"line":423,"column":27},"end":{"line":423,"column":null}},"157":{"start":{"line":425,"column":4},"end":{"line":425,"column":null}},"158":{"start":{"line":426,"column":4},"end":{"line":426,"column":null}},"159":{"start":{"line":427,"column":4},"end":{"line":427,"column":null}},"160":{"start":{"line":428,"column":4},"end":{"line":428,"column":null}},"161":{"start":{"line":429,"column":4},"end":{"line":429,"column":null}},"162":{"start":{"line":430,"column":4},"end":{"line":430,"column":null}},"163":{"start":{"line":431,"column":4},"end":{"line":431,"column":null}},"164":{"start":{"line":437,"column":8},"end":{"line":439,"column":null}},"165":{"start":{"line":438,"column":4},"end":{"line":438,"column":null}},"166":{"start":{"line":441,"column":8},"end":{"line":454,"column":null}},"167":{"start":{"line":442,"column":11},"end":{"line":452,"column":null}},"168":{"start":{"line":456,"column":2},"end":{"line":456,"column":null}},"169":{"start":{"line":465,"column":8},"end":{"line":465,"column":null}},"170":{"start":{"line":466,"column":2},"end":{"line":468,"column":null}},"171":{"start":{"line":467,"column":4},"end":{"line":467,"column":null}},"172":{"start":{"line":469,"column":2},"end":{"line":469,"column":null}}},"fnMap":{"0":{"name":"loadAuthState","decl":{"start":{"line":41,"column":9},"end":{"line":41,"column":43}},"loc":{"start":{"line":41,"column":43},"end":{"line":58,"column":null}},"line":41},"1":{"name":"saveAuthState","decl":{"start":{"line":63,"column":9},"end":{"line":63,"column":23}},"loc":{"start":{"line":63,"column":47},"end":{"line":69,"column":null}},"line":63},"2":{"name":"clearAuthState","decl":{"start":{"line":74,"column":9},"end":{"line":74,"column":32}},"loc":{"start":{"line":74,"column":32},"end":{"line":80,"column":null}},"line":74},"3":{"name":"isJWT","decl":{"start":{"line":85,"column":9},"end":{"line":85,"column":15}},"loc":{"start":{"line":85,"column":39},"end":{"line":87,"column":null}},"line":85},"4":{"name":"checkJWTExpiration","decl":{"start":{"line":94,"column":9},"end":{"line":94,"column":28}},"loc":{"start":{"line":94,"column":52},"end":{"line":119,"column":null}},"line":94},"5":{"name":"AuthProvider","decl":{"start":{"line":168,"column":16},"end":{"line":168,"column":29}},"loc":{"start":{"line":168,"column":62},"end":{"line":457,"column":null}},"line":168},"6":{"name":"(anonymous_6)","decl":{"start":{"line":170,"column":57},"end":{"line":170,"column":63}},"loc":{"start":{"line":170,"column":63},"end":{"line":173,"column":3}},"line":170},"7":{"name":"(anonymous_7)","decl":{"start":{"line":175,"column":64},"end":{"line":175,"column":70}},"loc":{"start":{"line":175,"column":70},"end":{"line":178,"column":3}},"line":175},"8":{"name":"(anonymous_8)","decl":{"start":{"line":180,"column":56},"end":{"line":180,"column":62}},"loc":{"start":{"line":180,"column":62},"end":{"line":183,"column":3}},"line":180},"9":{"name":"(anonymous_9)","decl":{"start":{"line":185,"column":52},"end":{"line":185,"column":58}},"loc":{"start":{"line":185,"column":58},"end":{"line":188,"column":3}},"line":185},"10":{"name":"(anonymous_10)","decl":{"start":{"line":190,"column":78},"end":{"line":190,"column":84}},"loc":{"start":{"line":190,"column":84},"end":{"line":193,"column":3}},"line":190},"11":{"name":"(anonymous_11)","decl":{"start":{"line":197,"column":12},"end":{"line":197,"column":18}},"loc":{"start":{"line":197,"column":18},"end":{"line":199,"column":5}},"line":197},"12":{"name":"(anonymous_12)","decl":{"start":{"line":204,"column":12},"end":{"line":204,"column":18}},"loc":{"start":{"line":204,"column":18},"end":{"line":209,"column":5}},"line":204},"13":{"name":"(anonymous_13)","decl":{"start":{"line":205,"column":28},"end":{"line":205,"column":34}},"loc":{"start":{"line":205,"column":34},"end":{"line":207,"column":null}},"line":205},"14":{"name":"(anonymous_14)","decl":{"start":{"line":213,"column":12},"end":{"line":213,"column":18}},"loc":{"start":{"line":213,"column":18},"end":{"line":215,"column":5}},"line":213},"15":{"name":"(anonymous_15)","decl":{"start":{"line":226,"column":37},"end":{"line":226,"column":49}},"loc":{"start":{"line":226,"column":49},"end":{"line":269,"column":5}},"line":226},"16":{"name":"(anonymous_16)","decl":{"start":{"line":276,"column":4},"end":{"line":276,"column":5}},"loc":{"start":{"line":276,"column":23},"end":{"line":308,"column":null}},"line":276},"17":{"name":"(anonymous_17)","decl":{"start":{"line":301,"column":54},"end":{"line":301,"column":66}},"loc":{"start":{"line":301,"column":66},"end":{"line":307,"column":9}},"line":301},"18":{"name":"(anonymous_18)","decl":{"start":{"line":313,"column":12},"end":{"line":313,"column":18}},"loc":{"start":{"line":313,"column":18},"end":{"line":315,"column":5}},"line":313},"19":{"name":"(anonymous_19)","decl":{"start":{"line":318,"column":12},"end":{"line":318,"column":18}},"loc":{"start":{"line":318,"column":18},"end":{"line":330,"column":5}},"line":318},"20":{"name":"(anonymous_20)","decl":{"start":{"line":324,"column":11},"end":{"line":324,"column":17}},"loc":{"start":{"line":324,"column":17},"end":{"line":329,"column":null}},"line":324},"21":{"name":"(anonymous_21)","decl":{"start":{"line":333,"column":12},"end":{"line":333,"column":18}},"loc":{"start":{"line":333,"column":18},"end":{"line":344,"column":5}},"line":333},"22":{"name":"(anonymous_22)","decl":{"start":{"line":347,"column":12},"end":{"line":347,"column":18}},"loc":{"start":{"line":347,"column":18},"end":{"line":397,"column":5}},"line":347},"23":{"name":"(anonymous_23)","decl":{"start":{"line":352,"column":26},"end":{"line":352,"column":38}},"loc":{"start":{"line":352,"column":38},"end":{"line":390,"column":null}},"line":352},"24":{"name":"(anonymous_24)","decl":{"start":{"line":394,"column":11},"end":{"line":394,"column":17}},"loc":{"start":{"line":394,"column":17},"end":{"line":396,"column":null}},"line":394},"25":{"name":"(anonymous_25)","decl":{"start":{"line":402,"column":35},"end":{"line":402,"column":36}},"loc":{"start":{"line":402,"column":105},"end":{"line":407,"column":5}},"line":402},"26":{"name":"(anonymous_26)","decl":{"start":{"line":413,"column":28},"end":{"line":413,"column":34}},"loc":{"start":{"line":413,"column":34},"end":{"line":416,"column":5}},"line":413},"27":{"name":"(anonymous_27)","decl":{"start":{"line":421,"column":29},"end":{"line":421,"column":35}},"loc":{"start":{"line":421,"column":35},"end":{"line":432,"column":5}},"line":421},"28":{"name":"(anonymous_28)","decl":{"start":{"line":437,"column":47},"end":{"line":437,"column":48}},"loc":{"start":{"line":437,"column":63},"end":{"line":439,"column":5}},"line":437},"29":{"name":"(anonymous_29)","decl":{"start":{"line":442,"column":4},"end":{"line":442,"column":11}},"loc":{"start":{"line":442,"column":11},"end":{"line":452,"column":null}},"line":442},"30":{"name":"useAuth","decl":{"start":{"line":464,"column":16},"end":{"line":464,"column":44}},"loc":{"start":{"line":464,"column":44},"end":{"line":470,"column":null}},"line":464}},"branchMap":{"0":{"loc":{"start":{"line":44,"column":4},"end":{"line":44,"column":null}},"type":"if","locations":[{"start":{"line":44,"column":4},"end":{"line":44,"column":null}},{"start":{},"end":{}}],"line":44},"1":{"loc":{"start":{"line":49,"column":4},"end":{"line":51,"column":null}},"type":"if","locations":[{"start":{"line":49,"column":4},"end":{"line":51,"column":null}},{"start":{},"end":{}}],"line":49},"2":{"loc":{"start":{"line":49,"column":8},"end":{"line":49,"column":61}},"type":"binary-expr","locations":[{"start":{"line":49,"column":8},"end":{"line":49,"column":30}},{"start":{"line":49,"column":30},"end":{"line":49,"column":48}},{"start":{"line":49,"column":48},"end":{"line":49,"column":61}}],"line":49},"3":{"loc":{"start":{"line":97,"column":4},"end":{"line":99,"column":null}},"type":"if","locations":[{"start":{"line":97,"column":4},"end":{"line":99,"column":null}},{"start":{},"end":{}}],"line":97},"4":{"loc":{"start":{"line":110,"column":4},"end":{"line":112,"column":null}},"type":"if","locations":[{"start":{"line":110,"column":4},"end":{"line":112,"column":null}},{"start":{},"end":{}}],"line":110},"5":{"loc":{"start":{"line":177,"column":11},"end":{"line":177,"column":null}},"type":"binary-expr","locations":[{"start":{"line":177,"column":11},"end":{"line":177,"column":34}},{"start":{"line":177,"column":34},"end":{"line":177,"column":null}}],"line":177},"6":{"loc":{"start":{"line":182,"column":11},"end":{"line":182,"column":null}},"type":"binary-expr","locations":[{"start":{"line":182,"column":11},"end":{"line":182,"column":30}},{"start":{"line":182,"column":30},"end":{"line":182,"column":null}}],"line":182},"7":{"loc":{"start":{"line":187,"column":11},"end":{"line":187,"column":null}},"type":"binary-expr","locations":[{"start":{"line":187,"column":11},"end":{"line":187,"column":27}},{"start":{"line":187,"column":27},"end":{"line":187,"column":null}}],"line":187},"8":{"loc":{"start":{"line":192,"column":11},"end":{"line":192,"column":null}},"type":"binary-expr","locations":[{"start":{"line":192,"column":11},"end":{"line":192,"column":41}},{"start":{"line":192,"column":41},"end":{"line":192,"column":null}}],"line":192},"9":{"loc":{"start":{"line":227,"column":4},"end":{"line":229,"column":null}},"type":"if","locations":[{"start":{"line":227,"column":4},"end":{"line":229,"column":null}},{"start":{},"end":{}}],"line":227},"10":{"loc":{"start":{"line":233,"column":6},"end":{"line":256,"column":null}},"type":"if","locations":[{"start":{"line":233,"column":6},"end":{"line":256,"column":null}},{"start":{"line":244,"column":13},"end":{"line":256,"column":null}}],"line":233},"11":{"loc":{"start":{"line":239,"column":8},"end":{"line":241,"column":null}},"type":"if","locations":[{"start":{"line":239,"column":8},"end":{"line":241,"column":null}},{"start":{},"end":{}}],"line":239},"12":{"loc":{"start":{"line":246,"column":8},"end":{"line":248,"column":null}},"type":"if","locations":[{"start":{"line":246,"column":8},"end":{"line":248,"column":null}},{"start":{},"end":{}}],"line":246},"13":{"loc":{"start":{"line":258,"column":6},"end":{"line":260,"column":null}},"type":"if","locations":[{"start":{"line":258,"column":6},"end":{"line":260,"column":null}},{"start":{},"end":{}}],"line":258},"14":{"loc":{"start":{"line":278,"column":6},"end":{"line":281,"column":null}},"type":"if","locations":[{"start":{"line":278,"column":6},"end":{"line":281,"column":null}},{"start":{},"end":{}}],"line":278},"15":{"loc":{"start":{"line":285,"column":6},"end":{"line":291,"column":null}},"type":"if","locations":[{"start":{"line":285,"column":6},"end":{"line":291,"column":null}},{"start":{},"end":{}}],"line":285},"16":{"loc":{"start":{"line":287,"column":8},"end":{"line":289,"column":null}},"type":"if","locations":[{"start":{"line":287,"column":8},"end":{"line":289,"column":null}},{"start":{},"end":{}}],"line":287},"17":{"loc":{"start":{"line":297,"column":6},"end":{"line":299,"column":null}},"type":"if","locations":[{"start":{"line":297,"column":6},"end":{"line":299,"column":null}},{"start":{},"end":{}}],"line":297},"18":{"loc":{"start":{"line":304,"column":8},"end":{"line":306,"column":null}},"type":"if","locations":[{"start":{"line":304,"column":8},"end":{"line":306,"column":null}},{"start":{},"end":{}}],"line":304},"19":{"loc":{"start":{"line":304,"column":12},"end":{"line":304,"column":52}},"type":"binary-expr","locations":[{"start":{"line":304,"column":12},"end":{"line":304,"column":24}},{"start":{"line":304,"column":24},"end":{"line":304,"column":52}}],"line":304},"20":{"loc":{"start":{"line":319,"column":4},"end":{"line":321,"column":null}},"type":"if","locations":[{"start":{"line":319,"column":4},"end":{"line":321,"column":null}},{"start":{},"end":{}}],"line":319},"21":{"loc":{"start":{"line":319,"column":8},"end":{"line":319,"column":40}},"type":"binary-expr","locations":[{"start":{"line":319,"column":8},"end":{"line":319,"column":23}},{"start":{"line":319,"column":23},"end":{"line":319,"column":40}}],"line":319},"22":{"loc":{"start":{"line":325,"column":6},"end":{"line":328,"column":null}},"type":"if","locations":[{"start":{"line":325,"column":6},"end":{"line":328,"column":null}},{"start":{},"end":{}}],"line":325},"23":{"loc":{"start":{"line":334,"column":4},"end":{"line":343,"column":null}},"type":"if","locations":[{"start":{"line":334,"column":4},"end":{"line":343,"column":null}},{"start":{"line":341,"column":4},"end":{"line":343,"column":null}}],"line":334},"24":{"loc":{"start":{"line":334,"column":8},"end":{"line":334,"column":59}},"type":"binary-expr","locations":[{"start":{"line":334,"column":8},"end":{"line":334,"column":27}},{"start":{"line":334,"column":27},"end":{"line":334,"column":42}},{"start":{"line":334,"column":42},"end":{"line":334,"column":53}},{"start":{"line":334,"column":53},"end":{"line":334,"column":59}}],"line":334},"25":{"loc":{"start":{"line":341,"column":4},"end":{"line":343,"column":null}},"type":"if","locations":[{"start":{"line":341,"column":4},"end":{"line":343,"column":null}},{"start":{},"end":{}}],"line":341},"26":{"loc":{"start":{"line":348,"column":4},"end":{"line":348,"column":null}},"type":"if","locations":[{"start":{"line":348,"column":4},"end":{"line":348,"column":null}},{"start":{},"end":{}}],"line":348},"27":{"loc":{"start":{"line":356,"column":8},"end":{"line":372,"column":null}},"type":"if","locations":[{"start":{"line":356,"column":8},"end":{"line":372,"column":null}},{"start":{"line":362,"column":15},"end":{"line":372,"column":null}}],"line":356},"28":{"loc":{"start":{"line":359,"column":10},"end":{"line":361,"column":null}},"type":"if","locations":[{"start":{"line":359,"column":10},"end":{"line":361,"column":null}},{"start":{},"end":{}}],"line":359},"29":{"loc":{"start":{"line":359,"column":14},"end":{"line":359,"column":48}},"type":"binary-expr","locations":[{"start":{"line":359,"column":14},"end":{"line":359,"column":37}},{"start":{"line":359,"column":37},"end":{"line":359,"column":48}}],"line":359},"30":{"loc":{"start":{"line":368,"column":10},"end":{"line":370,"column":null}},"type":"if","locations":[{"start":{"line":368,"column":10},"end":{"line":370,"column":null}},{"start":{},"end":{}}],"line":368},"31":{"loc":{"start":{"line":374,"column":8},"end":{"line":374,"column":null}},"type":"if","locations":[{"start":{"line":374,"column":8},"end":{"line":374,"column":null}},{"start":{},"end":{}}],"line":374},"32":{"loc":{"start":{"line":376,"column":8},"end":{"line":383,"column":null}},"type":"if","locations":[{"start":{"line":376,"column":8},"end":{"line":383,"column":null}},{"start":{},"end":{}}],"line":376},"33":{"loc":{"start":{"line":386,"column":8},"end":{"line":388,"column":null}},"type":"if","locations":[{"start":{"line":386,"column":8},"end":{"line":388,"column":null}},{"start":{},"end":{}}],"line":386},"34":{"loc":{"start":{"line":466,"column":2},"end":{"line":468,"column":null}},"type":"if","locations":[{"start":{"line":466,"column":2},"end":{"line":468,"column":null}},{"start":{},"end":{}}],"line":466}},"s":{"0":7,"1":7,"2":255,"3":255,"4":255,"5":145,"6":110,"7":110,"8":0,"9":105,"10":5,"11":5,"12":26,"13":26,"14":0,"15":44,"16":44,"17":0,"18":25,"19":6,"20":6,"21":6,"22":0,"23":6,"24":6,"25":6,"26":0,"27":6,"28":6,"29":6,"30":0,"31":6,"32":6,"33":0,"34":71,"35":51,"36":51,"37":71,"38":51,"39":51,"40":71,"41":51,"42":51,"43":71,"44":51,"45":51,"46":71,"47":51,"48":51,"49":71,"50":71,"51":68,"52":71,"53":51,"54":0,"55":51,"56":71,"57":71,"58":68,"59":71,"60":71,"61":71,"62":11,"63":11,"64":11,"65":11,"66":11,"67":0,"68":0,"69":0,"70":0,"71":0,"72":0,"73":11,"74":11,"75":11,"76":11,"77":11,"78":11,"79":11,"80":11,"81":0,"82":0,"83":0,"84":0,"85":0,"86":0,"87":0,"88":0,"89":71,"90":25,"91":0,"92":0,"93":25,"94":25,"95":7,"96":7,"97":7,"98":18,"99":18,"100":18,"101":18,"102":18,"103":11,"104":11,"105":0,"106":71,"107":51,"108":71,"109":68,"110":25,"111":68,"112":68,"113":18,"114":18,"115":71,"116":69,"117":26,"118":43,"119":43,"120":71,"121":68,"122":43,"123":25,"124":25,"125":25,"126":25,"127":25,"128":6,"129":6,"130":1,"131":19,"132":19,"133":19,"134":6,"135":0,"136":6,"137":1,"138":1,"139":1,"140":1,"141":1,"142":0,"143":0,"144":25,"145":25,"146":25,"147":71,"148":4,"149":4,"150":4,"151":4,"152":71,"153":1,"154":1,"155":71,"156":1,"157":1,"158":1,"159":1,"160":1,"161":1,"162":1,"163":1,"164":71,"165":1,"166":71,"167":69,"168":71,"169":155,"170":155,"171":2,"172":153},"f":{"0":255,"1":26,"2":44,"3":25,"4":6,"5":71,"6":51,"7":51,"8":51,"9":51,"10":51,"11":68,"12":51,"13":0,"14":68,"15":11,"16":25,"17":11,"18":51,"19":68,"20":68,"21":69,"22":68,"23":25,"24":25,"25":4,"26":1,"27":1,"28":1,"29":69,"30":155},"b":{"0":[145,110],"1":[0,110],"2":[110,105,105],"3":[0,6],"4":[0,6],"5":[51,30],"6":[51,30],"7":[51,30],"8":[51,50],"9":[11,0],"10":[0,11],"11":[0,0],"12":[11,0],"13":[0,0],"14":[0,25],"15":[7,18],"16":[7,0],"17":[18,0],"18":[0,11],"19":[11,0],"20":[25,43],"21":[68,25],"22":[18,50],"23":[26,43],"24":[69,26,26,26],"25":[43,0],"26":[43,25],"27":[6,19],"28":[1,5],"29":[6,6],"30":[19,0],"31":[0,6],"32":[1,5],"33":[0,0],"34":[2,153]},"meta":{"lastBranch":35,"lastFunction":31,"lastStatement":173,"seen":{"s:35:6:35:Infinity":0,"s:36:25:36:Infinity":1,"f:41:9:41:43":0,"s:42:2:57:Infinity":2,"s:43:19:43:Infinity":3,"b:44:4:44:Infinity:undefined:undefined:undefined:undefined":0,"s:44:4:44:Infinity":4,"s:44:17:44:Infinity":5,"s:46:18:46:Infinity":6,"b:49:4:51:Infinity:undefined:undefined:undefined:undefined":1,"s:49:4:51:Infinity":7,"b:49:8:49:30:49:30:49:48:49:48:49:61":2,"s:50:6:50:Infinity":8,"s:53:4:53:Infinity":9,"s:55:4:55:Infinity":10,"s:56:4:56:Infinity":11,"f:63:9:63:23":1,"s:64:2:68:Infinity":12,"s:65:4:65:Infinity":13,"s:67:4:67:Infinity":14,"f:74:9:74:32":2,"s:75:2:79:Infinity":15,"s:76:4:76:Infinity":16,"s:78:4:78:Infinity":17,"f:85:9:85:15":3,"s:86:2:86:Infinity":18,"f:94:9:94:28":4,"s:95:2:118:Infinity":19,"s:96:18:96:Infinity":20,"b:97:4:99:Infinity:undefined:undefined:undefined:undefined":3,"s:97:4:99:Infinity":21,"s:98:6:98:Infinity":22,"s:102:20:102:Infinity":23,"s:103:17:103:Infinity":24,"s:104:4:106:Infinity":25,"s:105:6:105:Infinity":26,"s:107:20:107:Infinity":27,"s:108:19:108:Infinity":28,"b:110:4:112:Infinity:undefined:undefined:undefined:undefined":4,"s:110:4:112:Infinity":29,"s:111:6:111:Infinity":30,"s:114:16:114:Infinity":31,"s:115:4:115:Infinity":32,"s:117:4:117:Infinity":33,"f:168:16:168:29":5,"s:170:44:173:Infinity":34,"f:170:57:170:63":6,"s:171:19:171:Infinity":35,"s:172:4:172:Infinity":36,"s:175:36:178:Infinity":37,"f:175:64:175:70":7,"s:176:19:176:Infinity":38,"s:177:4:177:Infinity":39,"b:177:11:177:34:177:34:177:Infinity":5,"s:180:28:183:Infinity":40,"f:180:56:180:62":8,"s:181:19:181:Infinity":41,"s:182:4:182:Infinity":42,"b:182:11:182:30:182:30:182:Infinity":6,"s:185:22:188:Infinity":43,"f:185:52:185:58":9,"s:186:19:186:Infinity":44,"s:187:4:187:Infinity":45,"b:187:11:187:27:187:27:187:Infinity":7,"s:190:50:193:Infinity":46,"f:190:78:190:84":10,"s:191:19:191:Infinity":47,"s:192:4:192:Infinity":48,"b:192:11:192:41:192:41:192:Infinity":8,"s:196:8:196:Infinity":49,"s:197:2:199:Infinity":50,"f:197:12:197:18":11,"s:198:4:198:Infinity":51,"s:204:2:209:Infinity":52,"f:204:12:204:18":12,"s:205:28:207:Infinity":53,"f:205:28:205:34":13,"s:206:6:206:Infinity":54,"s:208:4:208:Infinity":55,"s:212:8:212:Infinity":56,"s:213:2:215:Infinity":57,"f:213:12:213:18":14,"s:214:4:214:Infinity":58,"s:218:8:218:Infinity":59,"s:221:8:221:Infinity":60,"s:226:8:269:Infinity":61,"f:226:37:226:49":15,"b:227:4:229:Infinity:undefined:undefined:undefined:undefined":9,"s:227:4:229:Infinity":62,"s:228:6:228:Infinity":63,"s:231:4:268:Infinity":64,"s:232:21:232:Infinity":65,"b:233:6:256:Infinity:244:13:256:Infinity":10,"s:233:6:256:Infinity":66,"s:235:8:235:Infinity":67,"s:236:8:236:Infinity":68,"s:237:8:237:Infinity":69,"b:239:8:241:Infinity:undefined:undefined:undefined:undefined":11,"s:239:8:241:Infinity":70,"s:240:10:240:Infinity":71,"s:243:8:243:Infinity":72,"b:246:8:248:Infinity:undefined:undefined:undefined:undefined":12,"s:246:8:248:Infinity":73,"s:247:10:247:Infinity":74,"s:250:8:250:Infinity":75,"s:251:8:251:Infinity":76,"s:252:8:252:Infinity":77,"s:253:8:253:Infinity":78,"s:254:8:254:Infinity":79,"s:255:8:255:Infinity":80,"b:258:6:260:Infinity:undefined:undefined:undefined:undefined":13,"s:258:6:260:Infinity":81,"s:259:8:259:Infinity":82,"s:262:6:262:Infinity":83,"s:263:6:263:Infinity":84,"s:264:6:264:Infinity":85,"s:265:6:265:Infinity":86,"s:266:6:266:Infinity":87,"s:267:6:267:Infinity":88,"s:275:8:310:Infinity":89,"f:276:4:276:5":16,"b:278:6:281:Infinity:undefined:undefined:undefined:undefined":14,"s:278:6:281:Infinity":90,"s:279:8:279:Infinity":91,"s:280:8:280:Infinity":92,"s:284:12:284:Infinity":93,"b:285:6:291:Infinity:undefined:undefined:undefined:undefined":15,"s:285:6:291:Infinity":94,"b:287:8:289:Infinity:undefined:undefined:undefined:undefined":16,"s:287:8:289:Infinity":95,"s:288:10:288:Infinity":96,"s:290:8:290:Infinity":97,"s:294:35:294:Infinity":98,"s:295:22:295:Infinity":99,"b:297:6:299:Infinity:undefined:undefined:undefined:undefined":17,"s:297:6:299:Infinity":100,"s:298:8:298:Infinity":101,"s:301:6:307:Infinity":102,"f:301:54:301:66":17,"s:302:25:302:Infinity":103,"b:304:8:306:Infinity:undefined:undefined:undefined:undefined":18,"s:304:8:306:Infinity":104,"b:304:12:304:24:304:24:304:52":19,"s:305:10:305:Infinity":105,"s:313:2:315:Infinity":106,"f:313:12:313:18":18,"s:314:4:314:Infinity":107,"s:318:2:330:Infinity":108,"f:318:12:318:18":19,"b:319:4:321:Infinity:undefined:undefined:undefined:undefined":20,"s:319:4:321:Infinity":109,"b:319:8:319:23:319:23:319:40":21,"s:320:6:320:Infinity":110,"s:324:4:329:Infinity":111,"f:324:11:324:17":20,"b:325:6:328:Infinity:undefined:undefined:undefined:undefined":22,"s:325:6:328:Infinity":112,"s:326:8:326:Infinity":113,"s:327:8:327:Infinity":114,"s:333:2:344:Infinity":115,"f:333:12:333:18":21,"b:334:4:343:Infinity:341:4:343:Infinity":23,"s:334:4:343:Infinity":116,"b:334:8:334:27:334:27:334:42:334:42:334:53:334:53:334:59":24,"s:335:6:340:Infinity":117,"b:341:4:343:Infinity:undefined:undefined:undefined:undefined":25,"s:341:4:343:Infinity":118,"s:342:6:342:Infinity":119,"s:347:2:397:Infinity":120,"f:347:12:347:18":22,"b:348:4:348:Infinity:undefined:undefined:undefined:undefined":26,"s:348:4:348:Infinity":121,"s:348:22:348:Infinity":122,"s:350:20:350:Infinity":123,"s:352:26:390:Infinity":124,"f:352:26:352:38":23,"s:353:6:389:Infinity":125,"s:354:24:354:Infinity":126,"b:356:8:372:Infinity:362:15:372:Infinity":27,"s:356:8:372:Infinity":127,"s:358:10:358:Infinity":128,"b:359:10:361:Infinity:undefined:undefined:undefined:undefined":28,"s:359:10:361:Infinity":129,"b:359:14:359:37:359:37:359:48":29,"s:360:12:360:Infinity":130,"b:368:10:370:Infinity:undefined:undefined:undefined:undefined":30,"s:368:10:370:Infinity":131,"s:369:12:369:Infinity":132,"s:371:10:371:Infinity":133,"b:374:8:374:Infinity:undefined:undefined:undefined:undefined":31,"s:374:8:374:Infinity":134,"s:374:23:374:Infinity":135,"b:376:8:383:Infinity:undefined:undefined:undefined:undefined":32,"s:376:8:383:Infinity":136,"s:378:10:378:Infinity":137,"s:379:10:379:Infinity":138,"s:380:10:380:Infinity":139,"s:381:10:381:Infinity":140,"s:382:10:382:Infinity":141,"b:386:8:388:Infinity:undefined:undefined:undefined:undefined":33,"s:386:8:388:Infinity":142,"s:387:10:387:Infinity":143,"s:392:4:392:Infinity":144,"s:394:4:396:Infinity":145,"f:394:11:394:17":24,"s:395:6:395:Infinity":146,"s:402:8:407:Infinity":147,"f:402:35:402:36":25,"s:403:4:403:Infinity":148,"s:404:4:404:Infinity":149,"s:405:4:405:Infinity":150,"s:406:4:406:Infinity":151,"s:413:8:416:Infinity":152,"f:413:28:413:34":26,"s:414:24:414:Infinity":153,"s:415:4:415:Infinity":154,"s:421:8:432:Infinity":155,"f:421:29:421:35":27,"s:423:27:423:Infinity":156,"s:425:4:425:Infinity":157,"s:426:4:426:Infinity":158,"s:427:4:427:Infinity":159,"s:428:4:428:Infinity":160,"s:429:4:429:Infinity":161,"s:430:4:430:Infinity":162,"s:431:4:431:Infinity":163,"s:437:8:439:Infinity":164,"f:437:47:437:48":28,"s:438:4:438:Infinity":165,"s:441:8:454:Infinity":166,"f:442:4:442:11":29,"s:442:11:452:Infinity":167,"s:456:2:456:Infinity":168,"f:464:16:464:44":30,"s:465:8:465:Infinity":169,"b:466:2:468:Infinity:undefined:undefined:undefined:undefined":34,"s:466:2:468:Infinity":170,"s:467:4:467:Infinity":171,"s:469:2:469:Infinity":172}}}
[...]
"b:189:2:194:Infinity:undefined:undefined:undefined:undefined":24,"s:189:2:194:Infinity":58,"b:190:4:192:Infinity:undefined:undefined:undefined:undefined":25,"s:190:4:192:Infinity":59,"s:191:6:191:Infinity":60,"s:193:4:193:Infinity":61,"s:197:2:197:Infinity":62,"f:203:22:203:Infinity":14,"s:207:22:207:Infinity":63,"b:207:40:207:75:207:75:207:Infinity":26,"s:208:18:208:Infinity":64,"s:209:18:209:Infinity":65,"b:209:18:209:38:209:38:209:Infinity":27,"s:210:21:210:Infinity":66,"b:210:21:210:44:210:44:210:Infinity":28,"s:211:21:211:Infinity":67,"b:211:21:211:44:211:44:211:Infinity":29,"s:213:31:215:Infinity":68,"b:218:2:225:Infinity:undefined:undefined:undefined:undefined":30,"s:218:2:225:Infinity":69,"s:219:18:219:Infinity":70,"b:220:4:224:Infinity:222:11:224:Infinity":31,"s:220:4:224:Infinity":71,"s:221:6:221:Infinity":72,"s:223:6:223:Infinity":73,"s:228:32:228:Infinity":74,"s:229:2:259:Infinity":75,"s:229:21:229:24":76,"s:230:4:258:Infinity":77,"s:231:23:238:Infinity":78,"s:240:6:240:Infinity":79,"s:242:6:242:Infinity":80,"b:245:6:247:Infinity:undefined:undefined:undefined:undefined":32,"s:245:6:247:Infinity":81,"s:246:8:246:Infinity":82,"b:250:6:252:Infinity:undefined:undefined:undefined:undefined":33,"s:250:6:252:Infinity":83,"s:251:8:251:Infinity":84,"s:255:22:255:Infinity":85,"s:256:6:256:Infinity":86,"s:257:6:257:Infinity":87,"s:262:2:262:Infinity":88,"b:262:8:262:21:262:21:262:Infinity":34,"f:268:22:268:Infinity":15,"s:273:18:273:Infinity":89,"b:273:18:273:38:273:38:273:Infinity":35,"s:274:21:274:Infinity":90,"b:274:21:274:44:274:44:274:Infinity":36,"s:275:21:275:Infinity":91,"b:275:21:275:44:275:44:275:Infinity":37,"s:277:31:279:Infinity":92,"b:282:2:287:Infinity:undefined:undefined:undefined:undefined":38,"s:282:2:287:Infinity":93,"s:283:18:283:Infinity":94,"b:284:4:286:Infinity:undefined:undefined:undefined:undefined":39,"s:284:4:286:Infinity":95,"s:285:6:285:Infinity":96,"s:290:32:290:Infinity":97,"s:291:2:322:Infinity":98,"s:291:21:291:24":99,"s:292:4:321:Infinity":100,"s:293:23:301:Infinity":101,"s:303:6:303:Infinity":102,"s:305:6:305:Infinity":103,"b:308:6:310:Infinity:undefined:undefined:undefined:undefined":40,"s:308:6:310:Infinity":104,"s:309:8:309:Infinity":105,"b:313:6:315:Infinity:undefined:undefined:undefined:undefined":41,"s:313:6:315:Infinity":106,"s:314:8:314:Infinity":107,"s:318:22:318:Infinity":108,"s:319:6:319:Infinity":109,"s:320:6:320:Infinity":110,"s:325:2:325:Infinity":111,"b:325:8:325:21:325:21:325:Infinity":42,"f:331:22:331:Infinity":16,"s:336:18:336:Infinity":112,"b:336:18:336:38:336:38:336:Infinity":43,"s:337:21:337:Infinity":113,"b:337:21:337:44:337:44:337:Infinity":44,"s:338:21:338:Infinity":114,"b:338:21:338:44:338:44:338:Infinity":45,"s:340:31:342:Infinity":115,"b:345:2:350:Infinity:undefined:undefined:undefined:undefined":46,"s:345:2:350:Infinity":116,"s:346:18:346:Infinity":117,"b:347:4:349:Infinity:undefined:undefined:undefined:undefined":47,"s:347:4:349:Infinity":118,"s:348:6:348:Infinity":119,"s:353:32:353:Infinity":120,"s:354:2:385:Infinity":121,"s:354:21:354:24":122,"s:355:4:384:Infinity":123,"s:356:23:364:Infinity":124,"s:366:6:366:Infinity":125,"s:368:6:368:Infinity":126,"b:371:6:373:Infinity:undefined:undefined:undefined:undefined":48,"s:371:6:373:Infinity":127,"s:372:8:372:Infinity":128,"b:376:6:378:Infinity:undefined:undefined:undefined:undefined":49,"s:376:6:378:Infinity":129,"s:377:8:377:Infinity":130,"s:381:22:381:Infinity":131,"s:382:6:382:Infinity":132,"s:383:6:383:Infinity":133,"s:388:2:388:Infinity":134,"b:388:8:388:21:388:21:388:Infinity":50}}}
,"C:\\Work\\cortside\\shoppingcart-web\\src\\utils\\storage.ts": {"path":"C:\\Work\\cortside\\shoppingcart-web\\src\\utils\\storage.ts","statementMap":{"0":{"start":{"line":10,"column":25},"end":{"line":10,"column":null}},"1":{"start":{"line":11,"column":29},"end":{"line":11,"column":null}},"2":{"start":{"line":12,"column":20},"end":{"line":12,"column":null}},"3":{"start":{"line":13,"column":24},"end":{"line":13,"column":null}},"4":{"start":{"line":25,"column":2},"end":{"line":45,"column":null}},"5":{"start":{"line":26,"column":19},"end":{"line":26,"column":null}},"6":{"start":{"line":27,"column":4},"end":{"line":29,"column":null}},"7":{"start":{"line":28,"column":6},"end":{"line":28,"column":null}},"8":{"start":{"line":31,"column":29},"end":{"line":31,"column":null}},"9":{"start":{"line":32,"column":16},"end":{"line":32,"column":null}},"10":{"start":{"line":35,"column":4},"end":{"line":38,"column":null}},"11":{"start":{"line":36,"column":6},"end":{"line":36,"column":null}},"12":{"start":{"line":37,"column":6},"end":{"line":37,"column":null}},"13":{"start":{"line":40,"column":4},"end":{"line":40,"column":null}},"14":{"start":{"line":43,"column":4},"end":{"line":43,"column":null}},"15":{"start":{"line":44,"column":4},"end":{"line":44,"column":null}},"16":{"start":{"line":52,"column":2},"end":{"line":61,"column":null}},"17":{"start":{"line":53,"column":29},"end":{"line":56,"column":null}},"18":{"start":{"line":57,"column":4},"end":{"line":57,"column":null}},"19":{"start":{"line":60,"column":4},"end":{"line":60,"column":null}},"20":{"start":{"line":68,"column":2},"end":{"line":72,"column":null}},"21":{"start":{"line":69,"column":4},"end":{"line":69,"column":null}},"22":{"start":{"line":71,"column":4},"end":{"line":71,"column":null}},"23":{"start":{"line":90,"column":2},"end":{"line":112,"column":null}},"24":{"start":{"line":91,"column":19},"end":{"line":91,"column":null}},"25":{"start":{"line":92,"column":4},"end":{"line":94,"column":null}},"26":{"start":{"line":93,"column":6},"end":{"line":93,"column":null}},"27":{"start":{"line":96,"column":37},"end":{"line":96,"column":null}},"28":{"start":{"line":97,"column":16},"end":{"line":97,"column":null}},"29":{"start":{"line":100,"column":4},"end":{"line":103,"column":null}},"30":{"start":{"line":101,"column":6},"end":{"line":101,"column":null}},"31":{"start":{"line":102,"column":6},"end":{"line":102,"column":null}},"32":{"start":{"line":105,"column":4},"end":{"line":108,"column":null}},"33":{"start":{"line":110,"column":4},"end":{"line":110,"column":null}},"34":{"start":{"line":111,"column":4},"end":{"line":111,"column":null}},"35":{"start":{"line":122,"column":2},"end":{"line":131,"column":null}},"36":{"start":{"line":123,"column":37},"end":{"line":127,"column":null}},"37":{"start":{"line":128,"column":4},"end":{"line":128,"column":null}},"38":{"start":{"line":130,"column":4},"end":{"line":130,"column":null}},"39":{"start":{"line":138,"column":2},"end":{"line":142,"column":null}},"40":{"start":{"line":139,"column":4},"end":{"line":139,"column":null}},"41":{"start":{"line":141,"column":4},"end":{"line":141,"column":null}}},"fnMap":{"0":{"name":"loadCart","decl":{"start":{"line":24,"column":16},"end":{"line":24,"column":46}},"loc":{"start":{"line":24,"column":46},"end":{"line":46,"column":null}},"line":24},"1":{"name":"saveCart","decl":{"start":{"line":51,"column":16},"end":{"line":51,"column":25}},"loc":{"start":{"line":51,"column":50},"end":{"line":62,"column":null}},"line":51},"2":{"name":"clearCart","decl":{"start":{"line":67,"column":16},"end":{"line":67,"column":34}},"loc":{"start":{"line":67,"column":34},"end":{"line":73,"column":null}},"line":67},"3":{"name":"loadCheckoutData","decl":{"start":{"line":89,"column":16},"end":{"line":89,"column":115}},"loc":{"start":{"line":89,"column":115},"end":{"line":113,"column":null}},"line":89},"4":{"name":"saveCheckoutData","decl":{"start":{"line":118,"column":16},"end":{"line":118,"column":null}},"loc":{"start":{"line":121,"column":8},"end":{"line":132,"column":null}},"line":121},"5":{"name":"clearCheckoutData","decl":{"start":{"line":137,"column":16},"end":{"line":137,"column":42}},"loc":{"start":{"line":137,"column":42},"end":{"line":143,"column":null}},"line":137}},"branchMap":{"0":{"loc":{"start":{"line":27,"column":4},"end":{"line":29,"column":null}},"type":"if","locations":[{"start":{"line":27,"column":4},"end":{"line":29,"column":null}},{"start":{},"end":{}}],"line":27},"1":{"loc":{"start":{"line":35,"column":4},"end":{"line":38,"column":null}},"type":"if","locations":[{"start":{"line":35,"column":4},"end":{"line":38,"column":null}},{"start":{},"end":{}}],"line":35},"2":{"loc":{"start":{"line":92,"column":4},"end":{"line":94,"column":null}},"type":"if","locations":[{"start":{"line":92,"column":4},"end":{"line":94,"column":null}},{"start":{},"end":{}}],"line":92},"3":{"loc":{"start":{"line":100,"column":4},"end":{"line":103,"column":null}},"type":"if","locations":[{"start":{"line":100,"column":4},"end":{"line":103,"column":null}},{"start":{},"end":{}}],"line":100}},"s":{"0":3,"1":3,"2":3,"3":3,"4":26,"5":26,"6":26,"7":3,"8":23,"9":23,"10":23,"11":0,"12":0,"13":23,"14":0,"15":0,"16":26,"17":26,"18":26,"19":0,"20":0,"21":0,"22":0,"23":14,"24":14,"25":14,"26":14,"27":0,"28":0,"29":0,"30":0,"31":0,"32":0,"33":0,"34":0,"35":2,"36":2,"37":2,"38":0,"39":0,"40":0,"41":0},"f":{"0":26,"1":26,"2":0,"3":14,"4":2,"5":0},"b":{"0":[3,23],"1":[0,23],"2":[14,0],"3":[0,0]},"meta":{"lastBranch":4,"lastFunction":6,"lastStatement":42,"seen":{"s:10:25:10:Infinity":0,"s:11:29:11:Infinity":1,"s:12:20:12:Infinity":2,"s:13:24:13:Infinity":3,"f:24:16:24:46":0,"s:25:2:45:Infinity":4,"s:26:19:26:Infinity":5,"b:27:4:29:Infinity:undefined:undefined:undefined:undefined":0,"s:27:4:29:Infinity":6,"s:28:6:28:Infinity":7,"s:31:29:31:Infinity":8,"s:32:16:32:Infinity":9,"b:35:4:38:Infinity:undefined:undefined:undefined:undefined":1,"s:35:4:38:Infinity":10,"s:36:6:36:Infinity":11,"s:37:6:37:Infinity":12,"s:40:4:40:Infinity":13,"s:43:4:43:Infinity":14,"s:44:4:44:Infinity":15,"f:51:16:51:25":1,"s:52:2:61:Infinity":16,"s:53:29:56:Infinity":17,"s:57:4:57:Infinity":18,"s:60:4:60:Infinity":19,"f:67:16:67:34":2,"s:68:2:72:Infinity":20,"s:69:4:69:Infinity":21,"s:71:4:71:Infinity":22,"f:89:16:89:115":3,"s:90:2:112:Infinity":23,"s:91:19:91:Infinity":24,"b:92:4:94:Infinity:undefined:undefined:undefined:undefined":2,"s:92:4:94:Infinity":25,"s:93:6:93:Infinity":26,"s:96:37:96:Infinity":27,"s:97:16:97:Infinity":28,"b:100:4:103:Infinity:undefined:undefined:undefined:undefined":3,"s:100:4:103:Infinity":29,"s:101:6:101:Infinity":30,"s:102:6:102:Infinity":31,"s:105:4:108:Infinity":32,"s:110:4:110:Infinity":33,"s:111:4:111:Infinity":34,"f:118:16:118:Infinity":4,"s:122:2:131:Infinity":35,"s:123:37:127:Infinity":36,"s:128:4:128:Infinity":37,"s:130:4:130:Infinity":38,"f:137:16:137:42":5,"s:138:2:142:Infinity":39,"s:139:4:139:Infinity":40,"s:141:4:141:Infinity":41}}}
,"C:\\Work\\cortside\\shoppingcart-web\\src\\utils\\validation.ts": {"path":"C:\\Work\\cortside\\shoppingcart-web\\src\\utils\\validation.ts","statementMap":{"0":{"start":{"line":10,"column":2},"end":{"line":10,"column":null}},"1":{"start":{"line":10,"column":14},"end":{"line":10,"column":null}},"2":{"start":{"line":12,"column":21},"end":{"line":12,"column":null}},"3":{"start":{"line":13,"column":2},"end":{"line":13,"column":null}},"4":{"start":{"line":20,"column":2},"end":{"line":20,"column":null}},"5":{"start":{"line":20,"column":13},"end":{"line":20,"column":null}},"6":{"start":{"line":22,"column":20},"end":{"line":22,"column":null}},"7":{"start":{"line":23,"column":2},"end":{"line":23,"column":null}},"8":{"start":{"line":23,"column":29},"end":{"line":23,"column":null}},"9":{"start":{"line":26,"column":21},"end":{"line":26,"column":null}},"10":{"start":{"line":27,"column":2},"end":{"line":27,"column":null}},"11":{"start":{"line":27,"column":42},"end":{"line":27,"column":null}},"12":{"start":{"line":29,"column":2},"end":{"line":29,"column":null}},"13":{"start":{"line":36,"column":2},"end":{"line":36,"column":null}},"14":{"start":{"line":43,"column":2},"end":{"line":45,"column":null}},"15":{"start":{"line":44,"column":4},"end":{"line":44,"column":null}},"16":{"start":{"line":46,"column":2},"end":{"line":46,"column":null}},"17":{"start":{"line":53,"column":2},"end":{"line":55,"column":null}},"18":{"start":{"line":54,"column":4},"end":{"line":54,"column":null}},"19":{"start":{"line":56,"column":2},"end":{"line":56,"column":null}},"20":{"start":{"line":64,"column":2},"end":{"line":66,"column":null}},"21":{"start":{"line":65,"column":4},"end":{"line":65,"column":null}},"22":{"start":{"line":68,"column":2},"end":{"line":96,"column":null}},"23":{"start":{"line":71,"column":6},"end":{"line":73,"column":null}},"24":{"start":{"line":72,"column":8},"end":{"line":72,"column":null}},"25":{"start":{"line":74,"column":6},"end":{"line":74,"column":null}},"26":{"start":{"line":79,"column":6},"end":{"line":81,"column":null}},"27":{"start":{"line":80,"column":8},"end":{"line":80,"column":null}},"28":{"start":{"line":82,"column":6},"end":{"line":82,"column":null}},"29":{"start":{"line":86,"column":6},"end":{"line":88,"column":null}},"30":{"start":{"line":87,"column":8},"end":{"line":87,"column":null}},"31":{"start":{"line":89,"column":6},"end":{"line":89,"column":null}},"32":{"start":{"line":93,"column":6},"end":{"line":95,"column":null}},"33":{"start":{"line":94,"column":8},"end":{"line":94,"column":null}},"34":{"start":{"line":98,"column":2},"end":{"line":98,"column":null}}},"fnMap":{"0":{"name":"isValidEmail","decl":{"start":{"line":9,"column":16},"end":{"line":9,"column":29}},"loc":{"start":{"line":9,"column":53},"end":{"line":14,"column":null}},"line":9},"1":{"name":"isValidBirthdate","decl":{"start":{"line":19,"column":16},"end":{"line":19,"column":33}},"loc":{"start":{"line":19,"column":56},"end":{"line":30,"column":null}},"line":19},"2":{"name":"isRequired","decl":{"start":{"line":35,"column":16},"end":{"line":35,"column":27}},"loc":{"start":{"line":35,"column":70},"end":{"line":37,"column":null}},"line":35},"3":{"name":"validateRequired","decl":{"start":{"line":42,"column":16},"end":{"line":42,"column":33}},"loc":{"start":{"line":42,"column":106},"end":{"line":47,"column":null}},"line":42},"4":{"name":"validateEmail","decl":{"start":{"line":52,"column":16},"end":{"line":52,"column":30}},"loc":{"start":{"line":52,"column":65},"end":{"line":57,"column":null}},"line":52},"5":{"name":"validatePostalCode","decl":{"start":{"line":63,"column":16},"end":{"line":63,"column":35}},"loc":{"start":{"line":63,"column":86},"end":{"line":99,"column":null}},"line":63}},"branchMap":{"0":{"loc":{"start":{"line":10,"column":2},"end":{"line":10,"column":null}},"type":"if","locations":[{"start":{"line":10,"column":2},"end":{"line":10,"column":null}},{"start":{},"end":{}}],"line":10},"1":{"loc":{"start":{"line":20,"column":2},"end":{"line":20,"column":null}},"type":"if","locations":[{"start":{"line":20,"column":2},"end":{"line":20,"column":null}},{"start":{},"end":{}}],"line":20},"2":{"loc":{"start":{"line":23,"column":2},"end":{"line":23,"column":null}},"type":"if","locations":[{"start":{"line":23,"column":2},"end":{"line":23,"column":null}},{"start":{},"end":{}}],"line":23},"3":{"loc":{"start":{"line":27,"column":2},"end":{"line":27,"column":null}},"type":"if","locations":[{"start":{"line":27,"column":2},"end":{"line":27,"column":null}},{"start":{},"end":{}}],"line":27},"4":{"loc":{"start":{"line":36,"column":9},"end":{"line":36,"column":null}},"type":"binary-expr","locations":[{"start":{"line":36,"column":9},"end":{"line":36,"column":27}},{"start":{"line":36,"column":27},"end":{"line":36,"column":50}},{"start":{"line":36,"column":50},"end":{"line":36,"column":null}}],"line":36},"5":{"loc":{"start":{"line":43,"column":2},"end":{"line":45,"column":null}},"type":"if","locations":[{"start":{"line":43,"column":2},"end":{"line":45,"column":null}},{"start":{},"end":{}}],"line":43},"6":{"loc":{"start":{"line":53,"column":2},"end":{"line":55,"column":null}},"type":"if","locations":[{"start":{"line":53,"column":2},"end":{"line":55,"column":null}},{"start":{},"end":{}}],"line":53},"7":{"loc":{"start":{"line":64,"column":2},"end":{"line":66,"column":null}},"type":"if","locations":[{"start":{"line":64,"column":2},"end":{"line":66,"column":null}},{"start":{},"end":{}}],"line":64},"8":{"loc":{"start":{"line":64,"column":6},"end":{"line":64,"column":35}},"type":"binary-expr","locations":[{"start":{"line":64,"column":6},"end":{"line":64,"column":15}},{"start":{"line":64,"column":15},"end":{"line":64,"column":35}}],"line":64},"9":{"loc":{"start":{"line":65,"column":11},"end":{"line":65,"column":null}},"type":"cond-expr","locations":[{"start":{"line":65,"column":31},"end":{"line":65,"column":65}},{"start":{"line":65,"column":65},"end":{"line":65,"column":null}}],"line":65},"10":{"loc":{"start":{"line":68,"column":2},"end":{"line":96,"column":null}},"type":"switch","locations":[{"start":{"line":69,"column":4},"end":{"line":74,"column":null}},{"start":{"line":76,"column":4},"end":{"line":82,"column":null}},{"start":{"line":84,"column":4},"end":{"line":89,"column":null}},{"start":{"line":91,"column":4},"end":{"line":95,"column":null}}],"line":68},"11":{"loc":{"start":{"line":71,"column":6},"end":{"line":73,"column":null}},"type":"if","locations":[{"start":{"line":71,"column":6},"end":{"line":73,"column":null}},{"start":{},"end":{}}],"line":71},"12":{"loc":{"start":{"line":79,"column":6},"end":{"line":81,"column":null}},"type":"if","locations":[{"start":{"line":79,"column":6},"end":{"line":81,"column":null}},{"start":{},"end":{}}],"line":79},"13":{"loc":{"start":{"line":86,"column":6},"end":{"line":88,"column":null}},"type":"if","locations":[{"start":{"line":86,"column":6},"end":{"line":88,"column":null}},{"start":{},"end":{}}],"line":86},"14":{"loc":{"start":{"line":93,"column":6},"end":{"line":95,"column":null}},"type":"if","locations":[{"start":{"line":93,"column":6},"end":{"line":95,"column":null}},{"start":{},"end":{}}],"line":93}},"s":{"0":18,"1":2,"2":16,"3":16,"4":12,"5":1,"6":11,"7":11,"8":4,"9":7,"10":7,"11":3,"12":4,"13":68,"14":61,"15":21,"16":40,"17":8,"18":4,"19":4,"20":36,"21":5,"22":31,"23":13,"24":7,"25":6,"26":10,"27":5,"28":5,"29":6,"30":3,"31":3,"32":2,"33":0,"34":16},"f":{"0":18,"1":12,"2":68,"3":61,"4":8,"5":36},"b":{"0":[2,16],"1":[1,11],"2":[4,7],"3":[3,4],"4":[68,66,64],"5":[21,40],"6":[4,4],"7":[5,31],"8":[36,32],"9":[1,4],"10":[31,10,6,2],"11":[7,6],"12":[5,5],"13":[3,3],"14":[0,2]},"meta":{"lastBranch":15,"lastFunction":6,"lastStatement":35,"seen":{"f:9:16:9:29":0,"b:10:2:10:Infinity:undefined:undefined:undefined:undefined":0,"s:10:2:10:Infinity":0,"s:10:14:10:Infinity":1,"s:12:21:12:Infinity":2,"s:13:2:13:Infinity":3,"f:19:16:19:33":1,"b:20:2:20:Infinity:undefined:undefined:undefined:undefined":1,"s:20:2:20:Infinity":4,"s:20:13:20:Infinity":5,"s:22:20:22:Infinity":6,"b:23:2:23:Infinity:undefined:undefined:undefined:undefined":2,"s:23:2:23:Infinity":7,"s:23:29:23:Infinity":8,"s:26:21:26:Infinity":9,"b:27:2:27:Infinity:undefined:undefined:undefined:undefined":3,"s:27:2:27:Infinity":10,"s:27:42:27:Infinity":11,"s:29:2:29:Infinity":12,"f:35:16:35:27":2,"s:36:2:36:Infinity":13,"b:36:9:36:27:36:27:36:50:36:50:36:Infinity":4,"f:42:16:42:33":3,"b:43:2:45:Infinity:undefined:undefined:undefined:undefined":5,"s:43:2:45:Infinity":14,"s:44:4:44:Infinity":15,"s:46:2:46:Infinity":16,"f:52:16:52:30":4,"b:53:2:55:Infinity:undefined:undefined:undefined:undefined":6,"s:53:2:55:Infinity":17,"s:54:4:54:Infinity":18,"s:56:2:56:Infinity":19,"f:63:16:63:35":5,"b:64:2:66:Infinity:undefined:undefined:undefined:undefined":7,"s:64:2:66:Infinity":20,"b:64:6:64:15:64:15:64:35":8,"s:65:4:65:Infinity":21,"b:65:31:65:65:65:65:65:Infinity":9,"b:69:4:74:Infinity:76:4:82:Infinity:84:4:89:Infinity:91:4:95:Infinity":10,"s:68:2:96:Infinity":22,"b:71:6:73:Infinity:undefined:undefined:undefined:undefined":11,"s:71:6:73:Infinity":23,"s:72:8:72:Infinity":24,"s:74:6:74:Infinity":25,"b:79:6:81:Infinity:undefined:undefined:undefined:undefined":12,"s:79:6:81:Infinity":26,"s:80:8:80:Infinity":27,"s:82:6:82:Infinity":28,"b:86:6:88:Infinity:undefined:undefined:undefined:undefined":13,"s:86:6:88:Infinity":29,"s:87:8:87:Infinity":30,"s:89:6:89:Infinity":31,"b:93:6:95:Infinity:undefined:undefined:undefined:undefined":14,"s:93:6:95:Infinity":32,"s:94:8:94:Infinity":33,"s:98:2:98:Infinity":34}}}
}
